[0.099s] DEBUG:colcon:Command line arguments: ['/usr/bin/colcon', 'build']
[0.099s] DEBUG:colcon:Parsed command line arguments: Namespace(log_base=None, log_level=None, verb_name='build', build_base='build', install_base='install', merge_install=False, symlink_install=False, test_result_base=None, continue_on_error=False, executor='parallel', parallel_workers=8, event_handlers=None, ignore_user_meta=False, metas=['./colcon.meta'], base_paths=['.'], packages_ignore=None, packages_ignore_regex=None, paths=None, packages_up_to=None, packages_up_to_regex=None, packages_above=None, packages_above_and_dependencies=None, packages_above_depth=None, packages_select_by_dep=None, packages_skip_by_dep=None, packages_skip_up_to=None, packages_select_build_failed=False, packages_skip_build_finished=False, packages_select_test_failures=False, packages_skip_test_passed=False, packages_select=None, packages_skip=None, packages_select_regex=None, packages_skip_regex=None, packages_start=None, packages_end=None, allow_overriding=[], cmake_args=None, cmake_target=None, cmake_target_skip_unavailable=False, cmake_clean_cache=False, cmake_clean_first=False, cmake_force_configure=False, ament_cmake_args=None, catkin_cmake_args=None, catkin_skip_building_tests=False, verb_parser=<colcon_defaults.argument_parser.defaults.DefaultArgumentsDecorator object at 0x7ae2d8961360>, verb_extension=<colcon_core.verb.build.BuildVerb object at 0x7ae2d8960e50>, main=<bound method BuildVerb.main of <colcon_core.verb.build.BuildVerb object at 0x7ae2d8960e50>>)
[0.269s] Level 1:colcon.colcon_core.package_discovery:discover_packages(colcon_meta) check parameters
[0.269s] Level 1:colcon.colcon_core.package_discovery:discover_packages(recursive) check parameters
[0.269s] Level 1:colcon.colcon_core.package_discovery:discover_packages(ignore) check parameters
[0.269s] Level 1:colcon.colcon_core.package_discovery:discover_packages(path) check parameters
[0.269s] Level 1:colcon.colcon_core.package_discovery:discover_packages(colcon_meta) discover
[0.269s] Level 1:colcon.colcon_core.package_discovery:discover_packages(recursive) discover
[0.269s] INFO:colcon.colcon_core.package_discovery:Crawling recursively for packages in '/home/unknownlegend/arm_ws'
[0.270s] Level 1:colcon.colcon_core.package_identification:_identify(.) by extensions ['ignore', 'ignore_ament_install']
[0.270s] Level 1:colcon.colcon_core.package_identification:_identify(.) by extension 'ignore'
[0.270s] Level 1:colcon.colcon_core.package_identification:_identify(.) by extension 'ignore_ament_install'
[0.270s] Level 1:colcon.colcon_core.package_identification:_identify(.) by extensions ['colcon_pkg']
[0.270s] Level 1:colcon.colcon_core.package_identification:_identify(.) by extension 'colcon_pkg'
[0.270s] Level 1:colcon.colcon_core.package_identification:_identify(.) by extensions ['colcon_meta']
[0.270s] Level 1:colcon.colcon_core.package_identification:_identify(.) by extension 'colcon_meta'
[0.270s] Level 1:colcon.colcon_core.package_identification:_identify(.) by extensions ['ros']
[0.270s] Level 1:colcon.colcon_core.package_identification:_identify(.) by extension 'ros'
[0.280s] Level 1:colcon.colcon_core.package_identification:_identify(.) by extensions ['cmake', 'python']
[0.280s] Level 1:colcon.colcon_core.package_identification:_identify(.) by extension 'cmake'
[0.280s] Level 1:colcon.colcon_core.package_identification:_identify(.) by extension 'python'
[0.280s] Level 1:colcon.colcon_core.package_identification:_identify(.) by extensions ['python_setup_py']
[0.280s] Level 1:colcon.colcon_core.package_identification:_identify(.) by extension 'python_setup_py'
[0.280s] Level 1:colcon.colcon_core.package_identification:_identify(build) by extensions ['ignore', 'ignore_ament_install']
[0.280s] Level 1:colcon.colcon_core.package_identification:_identify(build) by extension 'ignore'
[0.280s] Level 1:colcon.colcon_core.package_identification:_identify(build) ignored
[0.280s] Level 1:colcon.colcon_core.package_identification:_identify(install) by extensions ['ignore', 'ignore_ament_install']
[0.280s] Level 1:colcon.colcon_core.package_identification:_identify(install) by extension 'ignore'
[0.280s] Level 1:colcon.colcon_core.package_identification:_identify(install) ignored
[0.281s] Level 1:colcon.colcon_core.package_identification:_identify(log) by extensions ['ignore', 'ignore_ament_install']
[0.281s] Level 1:colcon.colcon_core.package_identification:_identify(log) by extension 'ignore'
[0.281s] Level 1:colcon.colcon_core.package_identification:_identify(log) ignored
[0.281s] Level 1:colcon.colcon_core.package_identification:_identify(src) by extensions ['ignore', 'ignore_ament_install']
[0.281s] Level 1:colcon.colcon_core.package_identification:_identify(src) by extension 'ignore'
[0.281s] Level 1:colcon.colcon_core.package_identification:_identify(src) by extension 'ignore_ament_install'
[0.281s] Level 1:colcon.colcon_core.package_identification:_identify(src) by extensions ['colcon_pkg']
[0.281s] Level 1:colcon.colcon_core.package_identification:_identify(src) by extension 'colcon_pkg'
[0.281s] Level 1:colcon.colcon_core.package_identification:_identify(src) by extensions ['colcon_meta']
[0.281s] Level 1:colcon.colcon_core.package_identification:_identify(src) by extension 'colcon_meta'
[0.281s] Level 1:colcon.colcon_core.package_identification:_identify(src) by extensions ['ros']
[0.281s] Level 1:colcon.colcon_core.package_identification:_identify(src) by extension 'ros'
[0.281s] Level 1:colcon.colcon_core.package_identification:_identify(src) by extensions ['cmake', 'python']
[0.281s] Level 1:colcon.colcon_core.package_identification:_identify(src) by extension 'cmake'
[0.281s] Level 1:colcon.colcon_core.package_identification:_identify(src) by extension 'python'
[0.281s] Level 1:colcon.colcon_core.package_identification:_identify(src) by extensions ['python_setup_py']
[0.281s] Level 1:colcon.colcon_core.package_identification:_identify(src) by extension 'python_setup_py'
[0.281s] Level 1:colcon.colcon_core.package_identification:_identify(src/arm_description) by extensions ['ignore', 'ignore_ament_install']
[0.281s] Level 1:colcon.colcon_core.package_identification:_identify(src/arm_description) by extension 'ignore'
[0.282s] Level 1:colcon.colcon_core.package_identification:_identify(src/arm_description) by extension 'ignore_ament_install'
[0.282s] Level 1:colcon.colcon_core.package_identification:_identify(src/arm_description) by extensions ['colcon_pkg']
[0.282s] Level 1:colcon.colcon_core.package_identification:_identify(src/arm_description) by extension 'colcon_pkg'
[0.282s] Level 1:colcon.colcon_core.package_identification:_identify(src/arm_description) by extensions ['colcon_meta']
[0.282s] Level 1:colcon.colcon_core.package_identification:_identify(src/arm_description) by extension 'colcon_meta'
[0.282s] Level 1:colcon.colcon_core.package_identification:_identify(src/arm_description) by extensions ['ros']
[0.282s] Level 1:colcon.colcon_core.package_identification:_identify(src/arm_description) by extension 'ros'
[0.284s] DEBUG:colcon.colcon_core.package_identification:Package 'src/arm_description' with type 'ros.ament_python' and name 'arm_description'
[0.284s] Level 1:colcon.colcon_core.package_identification:_identify(src/arm_kinematics) by extensions ['ignore', 'ignore_ament_install']
[0.284s] Level 1:colcon.colcon_core.package_identification:_identify(src/arm_kinematics) by extension 'ignore'
[0.284s] Level 1:colcon.colcon_core.package_identification:_identify(src/arm_kinematics) by extension 'ignore_ament_install'
[0.285s] Level 1:colcon.colcon_core.package_identification:_identify(src/arm_kinematics) by extensions ['colcon_pkg']
[0.285s] Level 1:colcon.colcon_core.package_identification:_identify(src/arm_kinematics) by extension 'colcon_pkg'
[0.285s] Level 1:colcon.colcon_core.package_identification:_identify(src/arm_kinematics) by extensions ['colcon_meta']
[0.285s] Level 1:colcon.colcon_core.package_identification:_identify(src/arm_kinematics) by extension 'colcon_meta'
[0.285s] Level 1:colcon.colcon_core.package_identification:_identify(src/arm_kinematics) by extensions ['ros']
[0.285s] Level 1:colcon.colcon_core.package_identification:_identify(src/arm_kinematics) by extension 'ros'
[0.285s] DEBUG:colcon.colcon_core.package_identification:Package 'src/arm_kinematics' with type 'ros.ament_python' and name 'arm_kinematics'
[0.286s] Level 1:colcon.colcon_core.package_identification:_identify(src/dof6arm) by extensions ['ignore', 'ignore_ament_install']
[0.286s] Level 1:colcon.colcon_core.package_identification:_identify(src/dof6arm) by extension 'ignore'
[0.286s] Level 1:colcon.colcon_core.package_identification:_identify(src/dof6arm) by extension 'ignore_ament_install'
[0.286s] Level 1:colcon.colcon_core.package_identification:_identify(src/dof6arm) by extensions ['colcon_pkg']
[0.286s] Level 1:colcon.colcon_core.package_identification:_identify(src/dof6arm) by extension 'colcon_pkg'
[0.286s] Level 1:colcon.colcon_core.package_identification:_identify(src/dof6arm) by extensions ['colcon_meta']
[0.286s] Level 1:colcon.colcon_core.package_identification:_identify(src/dof6arm) by extension 'colcon_meta'
[0.286s] Level 1:colcon.colcon_core.package_identification:_identify(src/dof6arm) by extensions ['ros']
[0.286s] Level 1:colcon.colcon_core.package_identification:_identify(src/dof6arm) by extension 'ros'
[0.287s] DEBUG:colcon.colcon_core.package_identification:Package 'src/dof6arm' with type 'ros.ament_python' and name 'dof6arm'
[0.287s] Level 1:colcon.colcon_core.package_identification:_identify(src/robot_web) by extensions ['ignore', 'ignore_ament_install']
[0.287s] Level 1:colcon.colcon_core.package_identification:_identify(src/robot_web) by extension 'ignore'
[0.287s] Level 1:colcon.colcon_core.package_identification:_identify(src/robot_web) by extension 'ignore_ament_install'
[0.287s] Level 1:colcon.colcon_core.package_identification:_identify(src/robot_web) by extensions ['colcon_pkg']
[0.287s] Level 1:colcon.colcon_core.package_identification:_identify(src/robot_web) by extension 'colcon_pkg'
[0.287s] Level 1:colcon.colcon_core.package_identification:_identify(src/robot_web) by extensions ['colcon_meta']
[0.287s] Level 1:colcon.colcon_core.package_identification:_identify(src/robot_web) by extension 'colcon_meta'
[0.287s] Level 1:colcon.colcon_core.package_identification:_identify(src/robot_web) by extensions ['ros']
[0.287s] Level 1:colcon.colcon_core.package_identification:_identify(src/robot_web) by extension 'ros'
[0.287s] Level 1:colcon.colcon_core.package_identification:_identify(src/robot_web) by extensions ['cmake', 'python']
[0.287s] Level 1:colcon.colcon_core.package_identification:_identify(src/robot_web) by extension 'cmake'
[0.287s] Level 1:colcon.colcon_core.package_identification:_identify(src/robot_web) by extension 'python'
[0.288s] Level 1:colcon.colcon_core.package_identification:_identify(src/robot_web) by extensions ['python_setup_py']
[0.288s] Level 1:colcon.colcon_core.package_identification:_identify(src/robot_web) by extension 'python_setup_py'
[0.288s] Level 1:colcon.colcon_core.package_discovery:discover_packages(recursive) using defaults
[0.288s] Level 1:colcon.colcon_core.package_discovery:discover_packages(ignore) discover
[0.288s] Level 1:colcon.colcon_core.package_discovery:discover_packages(ignore) using defaults
[0.288s] Level 1:colcon.colcon_core.package_discovery:discover_packages(path) discover
[0.288s] Level 1:colcon.colcon_core.package_discovery:discover_packages(path) using defaults
[0.315s] Level 1:colcon.colcon_core.package_discovery:discover_packages(prefix_path) check parameters
[0.315s] Level 1:colcon.colcon_core.package_discovery:discover_packages(prefix_path) discover
[0.317s] DEBUG:colcon.colcon_installed_package_information.package_discovery:Found 21 installed packages in /home/unknownlegend/ros2_ws/install
[0.319s] DEBUG:colcon.colcon_installed_package_information.package_discovery:Found 384 installed packages in /opt/ros/humble
[0.321s] Level 1:colcon.colcon_core.package_discovery:discover_packages(prefix_path) using defaults
[0.369s] Level 5:colcon.colcon_core.verb:set package 'arm_description' build argument 'cmake_args' from command line to 'None'
[0.369s] Level 5:colcon.colcon_core.verb:set package 'arm_description' build argument 'cmake_target' from command line to 'None'
[0.369s] Level 5:colcon.colcon_core.verb:set package 'arm_description' build argument 'cmake_target_skip_unavailable' from command line to 'False'
[0.370s] Level 5:colcon.colcon_core.verb:set package 'arm_description' build argument 'cmake_clean_cache' from command line to 'False'
[0.370s] Level 5:colcon.colcon_core.verb:set package 'arm_description' build argument 'cmake_clean_first' from command line to 'False'
[0.370s] Level 5:colcon.colcon_core.verb:set package 'arm_description' build argument 'cmake_force_configure' from command line to 'False'
[0.370s] Level 5:colcon.colcon_core.verb:set package 'arm_description' build argument 'ament_cmake_args' from command line to 'None'
[0.370s] Level 5:colcon.colcon_core.verb:set package 'arm_description' build argument 'catkin_cmake_args' from command line to 'None'
[0.370s] Level 5:colcon.colcon_core.verb:set package 'arm_description' build argument 'catkin_skip_building_tests' from command line to 'False'
[0.370s] DEBUG:colcon.colcon_core.verb:Building package 'arm_description' with the following arguments: {'ament_cmake_args': None, 'build_base': '/home/unknownlegend/arm_ws/build/arm_description', 'catkin_cmake_args': None, 'catkin_skip_building_tests': False, 'cmake_args': None, 'cmake_clean_cache': False, 'cmake_clean_first': False, 'cmake_force_configure': False, 'cmake_target': None, 'cmake_target_skip_unavailable': False, 'install_base': '/home/unknownlegend/arm_ws/install/arm_description', 'merge_install': False, 'path': '/home/unknownlegend/arm_ws/src/arm_description', 'symlink_install': False, 'test_result_base': None}
[0.370s] Level 5:colcon.colcon_core.verb:set package 'arm_kinematics' build argument 'cmake_args' from command line to 'None'
[0.370s] Level 5:colcon.colcon_core.verb:set package 'arm_kinematics' build argument 'cmake_target' from command line to 'None'
[0.370s] Level 5:colcon.colcon_core.verb:set package 'arm_kinematics' build argument 'cmake_target_skip_unavailable' from command line to 'False'
[0.370s] Level 5:colcon.colcon_core.verb:set package 'arm_kinematics' build argument 'cmake_clean_cache' from command line to 'False'
[0.370s] Level 5:colcon.colcon_core.verb:set package 'arm_kinematics' build argument 'cmake_clean_first' from command line to 'False'
[0.370s] Level 5:colcon.colcon_core.verb:set package 'arm_kinematics' build argument 'cmake_force_configure' from command line to 'False'
[0.370s] Level 5:colcon.colcon_core.verb:set package 'arm_kinematics' build argument 'ament_cmake_args' from command line to 'None'
[0.370s] Level 5:colcon.colcon_core.verb:set package 'arm_kinematics' build argument 'catkin_cmake_args' from command line to 'None'
[0.370s] Level 5:colcon.colcon_core.verb:set package 'arm_kinematics' build argument 'catkin_skip_building_tests' from command line to 'False'
[0.370s] DEBUG:colcon.colcon_core.verb:Building package 'arm_kinematics' with the following arguments: {'ament_cmake_args': None, 'build_base': '/home/unknownlegend/arm_ws/build/arm_kinematics', 'catkin_cmake_args': None, 'catkin_skip_building_tests': False, 'cmake_args': None, 'cmake_clean_cache': False, 'cmake_clean_first': False, 'cmake_force_configure': False, 'cmake_target': None, 'cmake_target_skip_unavailable': False, 'install_base': '/home/unknownlegend/arm_ws/install/arm_kinematics', 'merge_install': False, 'path': '/home/unknownlegend/arm_ws/src/arm_kinematics', 'symlink_install': False, 'test_result_base': None}
[0.371s] Level 5:colcon.colcon_core.verb:set package 'dof6arm' build argument 'cmake_args' from command line to 'None'
[0.371s] Level 5:colcon.colcon_core.verb:set package 'dof6arm' build argument 'cmake_target' from command line to 'None'
[0.371s] Level 5:colcon.colcon_core.verb:set package 'dof6arm' build argument 'cmake_target_skip_unavailable' from command line to 'False'
[0.371s] Level 5:colcon.colcon_core.verb:set package 'dof6arm' build argument 'cmake_clean_cache' from command line to 'False'
[0.371s] Level 5:colcon.colcon_core.verb:set package 'dof6arm' build argument 'cmake_clean_first' from command line to 'False'
[0.371s] Level 5:colcon.colcon_core.verb:set package 'dof6arm' build argument 'cmake_force_configure' from command line to 'False'
[0.371s] Level 5:colcon.colcon_core.verb:set package 'dof6arm' build argument 'ament_cmake_args' from command line to 'None'
[0.371s] Level 5:colcon.colcon_core.verb:set package 'dof6arm' build argument 'catkin_cmake_args' from command line to 'None'
[0.371s] Level 5:colcon.colcon_core.verb:set package 'dof6arm' build argument 'catkin_skip_building_tests' from command line to 'False'
[0.371s] DEBUG:colcon.colcon_core.verb:Building package 'dof6arm' with the following arguments: {'ament_cmake_args': None, 'build_base': '/home/unknownlegend/arm_ws/build/dof6arm', 'catkin_cmake_args': None, 'catkin_skip_building_tests': False, 'cmake_args': None, 'cmake_clean_cache': False, 'cmake_clean_first': False, 'cmake_force_configure': False, 'cmake_target': None, 'cmake_target_skip_unavailable': False, 'install_base': '/home/unknownlegend/arm_ws/install/dof6arm', 'merge_install': False, 'path': '/home/unknownlegend/arm_ws/src/dof6arm', 'symlink_install': False, 'test_result_base': None}
[0.371s] INFO:colcon.colcon_core.executor:Executing jobs using 'parallel' executor
[0.372s] DEBUG:colcon.colcon_parallel_executor.executor.parallel:run_until_complete
[0.372s] INFO:colcon.colcon_ros.task.ament_python.build:Building ROS package in '/home/unknownlegend/arm_ws/src/arm_description' with build type 'ament_python'
[0.372s] Level 1:colcon.colcon_core.shell:create_environment_hook('arm_description', 'ament_prefix_path')
[0.374s] INFO:colcon.colcon_core.plugin_system:Skipping extension 'colcon_core.shell.bat': Not used on non-Windows systems
[0.374s] INFO:colcon.colcon_core.shell:Creating environment hook '/home/unknownlegend/arm_ws/install/arm_description/share/arm_description/hook/ament_prefix_path.ps1'
[0.375s] INFO:colcon.colcon_core.shell:Creating environment descriptor '/home/unknownlegend/arm_ws/install/arm_description/share/arm_description/hook/ament_prefix_path.dsv'
[0.375s] INFO:colcon.colcon_core.shell:Creating environment hook '/home/unknownlegend/arm_ws/install/arm_description/share/arm_description/hook/ament_prefix_path.sh'
[0.376s] INFO:colcon.colcon_core.shell:Skip shell extension 'powershell' for command environment: Not usable outside of PowerShell
[0.376s] DEBUG:colcon.colcon_core.shell:Skip shell extension 'dsv' for command environment
[0.381s] INFO:colcon.colcon_ros.task.ament_python.build:Building ROS package in '/home/unknownlegend/arm_ws/src/arm_kinematics' with build type 'ament_python'
[0.381s] Level 1:colcon.colcon_core.shell:create_environment_hook('arm_kinematics', 'ament_prefix_path')
[0.381s] INFO:colcon.colcon_core.shell:Creating environment hook '/home/unknownlegend/arm_ws/install/arm_kinematics/share/arm_kinematics/hook/ament_prefix_path.ps1'
[0.381s] INFO:colcon.colcon_core.shell:Creating environment descriptor '/home/unknownlegend/arm_ws/install/arm_kinematics/share/arm_kinematics/hook/ament_prefix_path.dsv'
[0.382s] INFO:colcon.colcon_core.shell:Creating environment hook '/home/unknownlegend/arm_ws/install/arm_kinematics/share/arm_kinematics/hook/ament_prefix_path.sh'
[0.382s] INFO:colcon.colcon_core.shell:Skip shell extension 'powershell' for command environment: Not usable outside of PowerShell
[0.382s] DEBUG:colcon.colcon_core.shell:Skip shell extension 'dsv' for command environment
[0.388s] INFO:colcon.colcon_ros.task.ament_python.build:Building ROS package in '/home/unknownlegend/arm_ws/src/dof6arm' with build type 'ament_python'
[0.388s] Level 1:colcon.colcon_core.shell:create_environment_hook('dof6arm', 'ament_prefix_path')
[0.389s] INFO:colcon.colcon_core.shell:Creating environment hook '/home/unknownlegend/arm_ws/install/dof6arm/share/dof6arm/hook/ament_prefix_path.ps1'
[0.389s] INFO:colcon.colcon_core.shell:Creating environment descriptor '/home/unknownlegend/arm_ws/install/dof6arm/share/dof6arm/hook/ament_prefix_path.dsv'
[0.389s] INFO:colcon.colcon_core.shell:Creating environment hook '/home/unknownlegend/arm_ws/install/dof6arm/share/dof6arm/hook/ament_prefix_path.sh'
[0.390s] INFO:colcon.colcon_core.shell:Skip shell extension 'powershell' for command environment: Not usable outside of PowerShell
[0.390s] DEBUG:colcon.colcon_core.shell:Skip shell extension 'dsv' for command environment
[0.643s] INFO:colcon.colcon_core.task.python.build:Building Python package in '/home/unknownlegend/arm_ws/src/arm_description'
[0.644s] INFO:colcon.colcon_core.shell:Skip shell extension 'powershell' for command environment: Not usable outside of PowerShell
[0.644s] DEBUG:colcon.colcon_core.shell:Skip shell extension 'dsv' for command environment
[0.903s] INFO:colcon.colcon_core.task.python.build:Building Python package in '/home/unknownlegend/arm_ws/src/arm_kinematics'
[0.904s] INFO:colcon.colcon_core.shell:Skip shell extension 'powershell' for command environment: Not usable outside of PowerShell
[0.904s] DEBUG:colcon.colcon_core.shell:Skip shell extension 'dsv' for command environment
[1.153s] INFO:colcon.colcon_core.task.python.build:Building Python package in '/home/unknownlegend/arm_ws/src/dof6arm'
[1.154s] INFO:colcon.colcon_core.shell:Skip shell extension 'powershell' for command environment: Not usable outside of PowerShell
[1.154s] DEBUG:colcon.colcon_core.shell:Skip shell extension 'dsv' for command environment
[1.530s] DEBUG:colcon.colcon_core.event_handler.log_command:Invoking command in '/home/unknownlegend/arm_ws/src/arm_kinematics': PYTHONPATH=/home/unknownlegend/arm_ws/build/arm_kinematics/prefix_override:/usr/lib/python3/dist-packages/colcon_core/task/python/colcon_distutils_commands:/home/unknownlegend/arm_ws/install/arm_kinematics/lib/python3.10/site-packages:${PYTHONPATH} /usr/bin/python3 -W ignore:setup.py install is deprecated -W ignore:easy_install command is deprecated setup.py egg_info --egg-base ../../build/arm_kinematics build --build-base /home/unknownlegend/arm_ws/build/arm_kinematics/build install --record /home/unknownlegend/arm_ws/build/arm_kinematics/install.log --single-version-externally-managed install_data
[1.535s] DEBUG:colcon.colcon_core.event_handler.log_command:Invoking command in '/home/unknownlegend/arm_ws/src/arm_description': PYTHONPATH=/home/unknownlegend/arm_ws/build/arm_description/prefix_override:/usr/lib/python3/dist-packages/colcon_core/task/python/colcon_distutils_commands:/home/unknownlegend/arm_ws/install/arm_description/lib/python3.10/site-packages:${PYTHONPATH} /usr/bin/python3 -W ignore:setup.py install is deprecated -W ignore:easy_install command is deprecated setup.py egg_info --egg-base ../../build/arm_description build --build-base /home/unknownlegend/arm_ws/build/arm_description/build install --record /home/unknownlegend/arm_ws/build/arm_description/install.log --single-version-externally-managed install_data
[1.538s] DEBUG:colcon.colcon_core.event_handler.log_command:Invoking command in '/home/unknownlegend/arm_ws/src/dof6arm': PYTHONPATH=/home/unknownlegend/arm_ws/build/dof6arm/prefix_override:/usr/lib/python3/dist-packages/colcon_core/task/python/colcon_distutils_commands:/home/unknownlegend/arm_ws/install/dof6arm/lib/python3.10/site-packages:${PYTHONPATH} /usr/bin/python3 -W ignore:setup.py install is deprecated -W ignore:easy_install command is deprecated setup.py egg_info --egg-base ../../build/dof6arm build --build-base /home/unknownlegend/arm_ws/build/dof6arm/build install --record /home/unknownlegend/arm_ws/build/dof6arm/install.log --single-version-externally-managed install_data
[1.848s] DEBUG:colcon.colcon_core.event_handler.log_command:Invoked command in '/home/unknownlegend/arm_ws/src/arm_description' returned '0': PYTHONPATH=/home/unknownlegend/arm_ws/build/arm_description/prefix_override:/usr/lib/python3/dist-packages/colcon_core/task/python/colcon_distutils_commands:/home/unknownlegend/arm_ws/install/arm_description/lib/python3.10/site-packages:${PYTHONPATH} /usr/bin/python3 -W ignore:setup.py install is deprecated -W ignore:easy_install command is deprecated setup.py egg_info --egg-base ../../build/arm_description build --build-base /home/unknownlegend/arm_ws/build/arm_description/build install --record /home/unknownlegend/arm_ws/build/arm_description/install.log --single-version-externally-managed install_data
[1.850s] Level 1:colcon.colcon_core.environment:checking '/home/unknownlegend/arm_ws/install/arm_description' for CMake module files
[1.851s] Level 1:colcon.colcon_core.environment:checking '/home/unknownlegend/arm_ws/install/arm_description' for CMake config files
[1.851s] Level 1:colcon.colcon_core.environment:checking '/home/unknownlegend/arm_ws/install/arm_description/lib'
[1.852s] Level 1:colcon.colcon_core.environment:checking '/home/unknownlegend/arm_ws/install/arm_description/bin'
[1.852s] Level 1:colcon.colcon_core.environment:checking '/home/unknownlegend/arm_ws/install/arm_description/lib/pkgconfig/arm_description.pc'
[1.852s] Level 1:colcon.colcon_core.environment:checking '/home/unknownlegend/arm_ws/install/arm_description/lib/python3.10/site-packages'
[1.852s] Level 1:colcon.colcon_core.shell:create_environment_hook('arm_description', 'pythonpath')
[1.852s] INFO:colcon.colcon_core.shell:Creating environment hook '/home/unknownlegend/arm_ws/install/arm_description/share/arm_description/hook/pythonpath.ps1'
[1.853s] INFO:colcon.colcon_core.shell:Creating environment descriptor '/home/unknownlegend/arm_ws/install/arm_description/share/arm_description/hook/pythonpath.dsv'
[1.853s] INFO:colcon.colcon_core.shell:Creating environment hook '/home/unknownlegend/arm_ws/install/arm_description/share/arm_description/hook/pythonpath.sh'
[1.854s] Level 1:colcon.colcon_core.environment:checking '/home/unknownlegend/arm_ws/install/arm_description/bin'
[1.854s] Level 1:colcon.colcon_core.environment:create_environment_scripts_only(arm_description)
[1.855s] INFO:colcon.colcon_core.shell:Creating package script '/home/unknownlegend/arm_ws/install/arm_description/share/arm_description/package.ps1'
[1.856s] INFO:colcon.colcon_core.shell:Creating package descriptor '/home/unknownlegend/arm_ws/install/arm_description/share/arm_description/package.dsv'
[1.856s] INFO:colcon.colcon_core.shell:Creating package script '/home/unknownlegend/arm_ws/install/arm_description/share/arm_description/package.sh'
[1.857s] INFO:colcon.colcon_core.shell:Creating package script '/home/unknownlegend/arm_ws/install/arm_description/share/arm_description/package.bash'
[1.858s] INFO:colcon.colcon_core.shell:Creating package script '/home/unknownlegend/arm_ws/install/arm_description/share/arm_description/package.zsh'
[1.858s] Level 1:colcon.colcon_core.environment:create_file_with_runtime_dependencies(/home/unknownlegend/arm_ws/install/arm_description/share/colcon-core/packages/arm_description)
[1.860s] Level 1:colcon.colcon_core.environment:checking '/home/unknownlegend/arm_ws/install/arm_kinematics' for CMake module files
[1.860s] DEBUG:colcon.colcon_core.event_handler.log_command:Invoked command in '/home/unknownlegend/arm_ws/src/arm_kinematics' returned '0': PYTHONPATH=/home/unknownlegend/arm_ws/build/arm_kinematics/prefix_override:/usr/lib/python3/dist-packages/colcon_core/task/python/colcon_distutils_commands:/home/unknownlegend/arm_ws/install/arm_kinematics/lib/python3.10/site-packages:${PYTHONPATH} /usr/bin/python3 -W ignore:setup.py install is deprecated -W ignore:easy_install command is deprecated setup.py egg_info --egg-base ../../build/arm_kinematics build --build-base /home/unknownlegend/arm_ws/build/arm_kinematics/build install --record /home/unknownlegend/arm_ws/build/arm_kinematics/install.log --single-version-externally-managed install_data
[1.861s] Level 1:colcon.colcon_core.environment:checking '/home/unknownlegend/arm_ws/install/arm_kinematics' for CMake config files
[1.861s] Level 1:colcon.colcon_core.environment:checking '/home/unknownlegend/arm_ws/install/arm_kinematics/lib'
[1.861s] Level 1:colcon.colcon_core.environment:checking '/home/unknownlegend/arm_ws/install/arm_kinematics/bin'
[1.861s] Level 1:colcon.colcon_core.environment:checking '/home/unknownlegend/arm_ws/install/arm_kinematics/lib/pkgconfig/arm_kinematics.pc'
[1.862s] Level 1:colcon.colcon_core.environment:checking '/home/unknownlegend/arm_ws/install/arm_kinematics/lib/python3.10/site-packages'
[1.862s] Level 1:colcon.colcon_core.shell:create_environment_hook('arm_kinematics', 'pythonpath')
[1.862s] INFO:colcon.colcon_core.shell:Creating environment hook '/home/unknownlegend/arm_ws/install/arm_kinematics/share/arm_kinematics/hook/pythonpath.ps1'
[1.862s] INFO:colcon.colcon_core.shell:Creating environment descriptor '/home/unknownlegend/arm_ws/install/arm_kinematics/share/arm_kinematics/hook/pythonpath.dsv'
[1.863s] INFO:colcon.colcon_core.shell:Creating environment hook '/home/unknownlegend/arm_ws/install/arm_kinematics/share/arm_kinematics/hook/pythonpath.sh'
[1.863s] Level 1:colcon.colcon_core.environment:checking '/home/unknownlegend/arm_ws/install/arm_kinematics/bin'
[1.863s] Level 1:colcon.colcon_core.environment:create_environment_scripts_only(arm_kinematics)
[1.864s] INFO:colcon.colcon_core.shell:Creating package script '/home/unknownlegend/arm_ws/install/arm_kinematics/share/arm_kinematics/package.ps1'
[1.864s] INFO:colcon.colcon_core.shell:Creating package descriptor '/home/unknownlegend/arm_ws/install/arm_kinematics/share/arm_kinematics/package.dsv'
[1.865s] INFO:colcon.colcon_core.shell:Creating package script '/home/unknownlegend/arm_ws/install/arm_kinematics/share/arm_kinematics/package.sh'
[1.865s] INFO:colcon.colcon_core.shell:Creating package script '/home/unknownlegend/arm_ws/install/arm_kinematics/share/arm_kinematics/package.bash'
[1.866s] INFO:colcon.colcon_core.shell:Creating package script '/home/unknownlegend/arm_ws/install/arm_kinematics/share/arm_kinematics/package.zsh'
[1.866s] Level 1:colcon.colcon_core.environment:create_file_with_runtime_dependencies(/home/unknownlegend/arm_ws/install/arm_kinematics/share/colcon-core/packages/arm_kinematics)
[1.867s] Level 1:colcon.colcon_core.environment:checking '/home/unknownlegend/arm_ws/install/dof6arm' for CMake module files
[1.868s] DEBUG:colcon.colcon_core.event_handler.log_command:Invoked command in '/home/unknownlegend/arm_ws/src/dof6arm' returned '0': PYTHONPATH=/home/unknownlegend/arm_ws/build/dof6arm/prefix_override:/usr/lib/python3/dist-packages/colcon_core/task/python/colcon_distutils_commands:/home/unknownlegend/arm_ws/install/dof6arm/lib/python3.10/site-packages:${PYTHONPATH} /usr/bin/python3 -W ignore:setup.py install is deprecated -W ignore:easy_install command is deprecated setup.py egg_info --egg-base ../../build/dof6arm build --build-base /home/unknownlegend/arm_ws/build/dof6arm/build install --record /home/unknownlegend/arm_ws/build/dof6arm/install.log --single-version-externally-managed install_data
[1.868s] Level 1:colcon.colcon_core.environment:checking '/home/unknownlegend/arm_ws/install/dof6arm' for CMake config files
[1.868s] Level 1:colcon.colcon_core.environment:checking '/home/unknownlegend/arm_ws/install/dof6arm/lib'
[1.868s] Level 1:colcon.colcon_core.environment:checking '/home/unknownlegend/arm_ws/install/dof6arm/bin'
[1.868s] Level 1:colcon.colcon_core.environment:checking '/home/unknownlegend/arm_ws/install/dof6arm/lib/pkgconfig/dof6arm.pc'
[1.869s] Level 1:colcon.colcon_core.environment:checking '/home/unknownlegend/arm_ws/install/dof6arm/lib/python3.10/site-packages'
[1.869s] Level 1:colcon.colcon_core.shell:create_environment_hook('dof6arm', 'pythonpath')
[1.869s] INFO:colcon.colcon_core.shell:Creating environment hook '/home/unknownlegend/arm_ws/install/dof6arm/share/dof6arm/hook/pythonpath.ps1'
[1.869s] INFO:colcon.colcon_core.shell:Creating environment descriptor '/home/unknownlegend/arm_ws/install/dof6arm/share/dof6arm/hook/pythonpath.dsv'
[1.870s] INFO:colcon.colcon_core.shell:Creating environment hook '/home/unknownlegend/arm_ws/install/dof6arm/share/dof6arm/hook/pythonpath.sh'
[1.870s] Level 1:colcon.colcon_core.environment:checking '/home/unknownlegend/arm_ws/install/dof6arm/bin'
[1.871s] Level 1:colcon.colcon_core.environment:create_environment_scripts_only(dof6arm)
[1.871s] INFO:colcon.colcon_core.shell:Creating package script '/home/unknownlegend/arm_ws/install/dof6arm/share/dof6arm/package.ps1'
[1.872s] INFO:colcon.colcon_core.shell:Creating package descriptor '/home/unknownlegend/arm_ws/install/dof6arm/share/dof6arm/package.dsv'
[1.872s] INFO:colcon.colcon_core.shell:Creating package script '/home/unknownlegend/arm_ws/install/dof6arm/share/dof6arm/package.sh'
[1.873s] INFO:colcon.colcon_core.shell:Creating package script '/home/unknownlegend/arm_ws/install/dof6arm/share/dof6arm/package.bash'
[1.873s] INFO:colcon.colcon_core.shell:Creating package script '/home/unknownlegend/arm_ws/install/dof6arm/share/dof6arm/package.zsh'
[1.874s] Level 1:colcon.colcon_core.environment:create_file_with_runtime_dependencies(/home/unknownlegend/arm_ws/install/dof6arm/share/colcon-core/packages/dof6arm)
[1.874s] DEBUG:colcon.colcon_parallel_executor.executor.parallel:closing loop
[1.874s] DEBUG:colcon.colcon_parallel_executor.executor.parallel:loop closed
[1.874s] DEBUG:colcon.colcon_parallel_executor.executor.parallel:run_until_complete finished with '0'
[1.874s] DEBUG:colcon.colcon_core.event_reactor:joining thread
[1.879s] INFO:colcon.colcon_core.plugin_system:Skipping extension 'colcon_notification.desktop_notification.terminal_notifier': Not used on non-Darwin systems
[1.879s] INFO:colcon.colcon_core.plugin_system:Skipping extension 'colcon_notification.desktop_notification.win32': Not used on non-Windows systems
[1.879s] INFO:colcon.colcon_notification.desktop_notification:Sending desktop notification using 'notify2'
[1.890s] DEBUG:colcon.colcon_core.event_reactor:joined thread
[1.890s] INFO:colcon.colcon_core.shell:Creating prefix script '/home/unknownlegend/arm_ws/install/local_setup.ps1'
[1.891s] INFO:colcon.colcon_core.shell:Creating prefix util module '/home/unknownlegend/arm_ws/install/_local_setup_util_ps1.py'
[1.893s] INFO:colcon.colcon_core.shell:Creating prefix chain script '/home/unknownlegend/arm_ws/install/setup.ps1'
[1.894s] INFO:colcon.colcon_core.shell:Creating prefix script '/home/unknownlegend/arm_ws/install/local_setup.sh'
[1.895s] INFO:colcon.colcon_core.shell:Creating prefix util module '/home/unknownlegend/arm_ws/install/_local_setup_util_sh.py'
[1.896s] INFO:colcon.colcon_core.shell:Creating prefix chain script '/home/unknownlegend/arm_ws/install/setup.sh'
[1.897s] INFO:colcon.colcon_core.shell:Creating prefix script '/home/unknownlegend/arm_ws/install/local_setup.bash'
[1.898s] INFO:colcon.colcon_core.shell:Creating prefix chain script '/home/unknownlegend/arm_ws/install/setup.bash'
[1.900s] INFO:colcon.colcon_core.shell:Creating prefix script '/home/unknownlegend/arm_ws/install/local_setup.zsh'
[1.900s] INFO:colcon.colcon_core.shell:Creating prefix chain script '/home/unknownlegend/arm_ws/install/setup.zsh'
