[1.141s] Invoking command in '/home/unknownlegend/arm_ws/src/dof6arm': PYTHONPATH=/home/unknownlegend/arm_ws/build/dof6arm/prefix_override:/usr/lib/python3/dist-packages/colcon_core/task/python/colcon_distutils_commands:/home/unknownlegend/arm_ws/install/dof6arm/lib/python3.10/site-packages:${PYTHONPATH} /usr/bin/python3 -W ignore:setup.py install is deprecated -W ignore:easy_install command is deprecated setup.py egg_info --egg-base ../../build/dof6arm build --build-base /home/unknownlegend/arm_ws/build/dof6arm/build install --record /home/unknownlegend/arm_ws/build/dof6arm/install.log --single-version-externally-managed install_data
[1.395s] running egg_info
[1.396s] writing ../../build/dof6arm/dof6arm.egg-info/PKG-INFO
[1.397s] writing dependency_links to ../../build/dof6arm/dof6arm.egg-info/dependency_links.txt
[1.397s] writing entry points to ../../build/dof6arm/dof6arm.egg-info/entry_points.txt
[1.397s] writing requirements to ../../build/dof6arm/dof6arm.egg-info/requires.txt
[1.397s] writing top-level names to ../../build/dof6arm/dof6arm.egg-info/top_level.txt
[1.398s] reading manifest file '../../build/dof6arm/dof6arm.egg-info/SOURCES.txt'
[1.399s] writing manifest file '../../build/dof6arm/dof6arm.egg-info/SOURCES.txt'
[1.399s] running build
[1.399s] running install
[1.399s] running install_data
[1.399s] creating /home/unknownlegend/arm_ws/install/dof6arm/share/dof6arm/meshes
[1.399s] copying meshes/link3.STL -> /home/unknownlegend/arm_ws/install/dof6arm/share/dof6arm/meshes
[1.423s] copying meshes/endfector.STL -> /home/unknownlegend/arm_ws/install/dof6arm/share/dof6arm/meshes
[1.435s] copying meshes/link6.STL -> /home/unknownlegend/arm_ws/install/dof6arm/share/dof6arm/meshes
[1.436s] copying meshes/base_link.STL -> /home/unknownlegend/arm_ws/install/dof6arm/share/dof6arm/meshes
[1.437s] copying meshes/link1.STL -> /home/unknownlegend/arm_ws/install/dof6arm/share/dof6arm/meshes
[1.448s] copying meshes/link5.STL -> /home/unknownlegend/arm_ws/install/dof6arm/share/dof6arm/meshes
[1.467s] copying meshes/link4.STL -> /home/unknownlegend/arm_ws/install/dof6arm/share/dof6arm/meshes
[1.478s] copying meshes/link2.STL -> /home/unknownlegend/arm_ws/install/dof6arm/share/dof6arm/meshes
[1.481s] running install_egg_info
[1.484s] removing '/home/unknownlegend/arm_ws/install/dof6arm/lib/python3.10/site-packages/dof6arm-0.0.0-py3.10.egg-info' (and everything under it)
[1.484s] Copying ../../build/dof6arm/dof6arm.egg-info to /home/unknownlegend/arm_ws/install/dof6arm/lib/python3.10/site-packages/dof6arm-0.0.0-py3.10.egg-info
[1.485s] running install_scripts
[1.508s] writing list of installed files to '/home/unknownlegend/arm_ws/build/dof6arm/install.log'
[1.532s] Invoked command in '/home/unknownlegend/arm_ws/src/dof6arm' returned '0': PYTHONPATH=/home/unknownlegend/arm_ws/build/dof6arm/prefix_override:/usr/lib/python3/dist-packages/colcon_core/task/python/colcon_distutils_commands:/home/unknownlegend/arm_ws/install/dof6arm/lib/python3.10/site-packages:${PYTHONPATH} /usr/bin/python3 -W ignore:setup.py install is deprecated -W ignore:easy_install command is deprecated setup.py egg_info --egg-base ../../build/dof6arm build --build-base /home/unknownlegend/arm_ws/build/dof6arm/build install --record /home/unknownlegend/arm_ws/build/dof6arm/install.log --single-version-externally-managed install_data
