[1.192s] Invoking command in '/home/unknownlegend/arm_ws/src/arm_bringup': PYTHONPATH=/home/unknownlegend/arm_ws/build/arm_bringup/prefix_override:/usr/lib/python3/dist-packages/colcon_core/task/python/colcon_distutils_commands:/home/unknownlegend/arm_ws/install/arm_bringup/lib/python3.10/site-packages:${PYTHONPATH} /usr/bin/python3 -W ignore:setup.py install is deprecated -W ignore:easy_install command is deprecated setup.py egg_info --egg-base ../../build/arm_bringup build --build-base /home/unknownlegend/arm_ws/build/arm_bringup/build install --record /home/unknownlegend/arm_ws/build/arm_bringup/install.log --single-version-externally-managed install_data
[1.452s] running egg_info
[1.452s] writing ../../build/arm_bringup/arm_bringup.egg-info/PKG-INFO
[1.452s] writing dependency_links to ../../build/arm_bringup/arm_bringup.egg-info/dependency_links.txt
[1.453s] writing entry points to ../../build/arm_bringup/arm_bringup.egg-info/entry_points.txt
[1.453s] writing requirements to ../../build/arm_bringup/arm_bringup.egg-info/requires.txt
[1.453s] writing top-level names to ../../build/arm_bringup/arm_bringup.egg-info/top_level.txt
[1.455s] reading manifest file '../../build/arm_bringup/arm_bringup.egg-info/SOURCES.txt'
[1.456s] writing manifest file '../../build/arm_bringup/arm_bringup.egg-info/SOURCES.txt'
[1.456s] running build
[1.456s] running build_py
[1.456s] running install
[1.457s] running install_lib
[1.458s] running install_data
[1.458s] running install_egg_info
[1.460s] removing '/home/unknownlegend/arm_ws/install/arm_bringup/lib/python3.10/site-packages/arm_bringup-0.0.0-py3.10.egg-info' (and everything under it)
[1.460s] Copying ../../build/arm_bringup/arm_bringup.egg-info to /home/unknownlegend/arm_ws/install/arm_bringup/lib/python3.10/site-packages/arm_bringup-0.0.0-py3.10.egg-info
[1.461s] running install_scripts
[1.482s] writing list of installed files to '/home/unknownlegend/arm_ws/build/arm_bringup/install.log'
[1.528s] Invoked command in '/home/unknownlegend/arm_ws/src/arm_bringup' returned '0': PYTHONPATH=/home/unknownlegend/arm_ws/build/arm_bringup/prefix_override:/usr/lib/python3/dist-packages/colcon_core/task/python/colcon_distutils_commands:/home/unknownlegend/arm_ws/install/arm_bringup/lib/python3.10/site-packages:${PYTHONPATH} /usr/bin/python3 -W ignore:setup.py install is deprecated -W ignore:easy_install command is deprecated setup.py egg_info --egg-base ../../build/arm_bringup build --build-base /home/unknownlegend/arm_ws/build/arm_bringup/build install --record /home/unknownlegend/arm_ws/build/arm_bringup/install.log --single-version-externally-managed install_data
