[0.929s] Invoking command in '/home/unknownlegend/arm_ws/src/dof6arm': PYTHONPATH=/home/unknownlegend/arm_ws/build/dof6arm/prefix_override:/usr/lib/python3/dist-packages/colcon_core/task/python/colcon_distutils_commands:/home/unknownlegend/arm_ws/install/dof6arm/lib/python3.10/site-packages:${PYTHONPATH} /usr/bin/python3 -W ignore:setup.py install is deprecated -W ignore:easy_install command is deprecated setup.py egg_info --egg-base ../../build/dof6arm build --build-base /home/unknownlegend/arm_ws/build/dof6arm/build install --record /home/unknownlegend/arm_ws/build/dof6arm/install.log --single-version-externally-managed install_data
[1.176s] running egg_info
[1.176s] writing ../../build/dof6arm/dof6arm.egg-info/PKG-INFO
[1.177s] writing dependency_links to ../../build/dof6arm/dof6arm.egg-info/dependency_links.txt
[1.177s] writing entry points to ../../build/dof6arm/dof6arm.egg-info/entry_points.txt
[1.177s] writing requirements to ../../build/dof6arm/dof6arm.egg-info/requires.txt
[1.177s] writing top-level names to ../../build/dof6arm/dof6arm.egg-info/top_level.txt
[1.178s] reading manifest file '../../build/dof6arm/dof6arm.egg-info/SOURCES.txt'
[1.179s] writing manifest file '../../build/dof6arm/dof6arm.egg-info/SOURCES.txt'
[1.179s] running build
[1.179s] running install
[1.179s] running install_data
[1.179s] copying meshes/link3.STL -> /home/unknownlegend/arm_ws/install/dof6arm/share/dof6arm/meshes/
[1.180s] copying meshes/endfector.STL -> /home/unknownlegend/arm_ws/install/dof6arm/share/dof6arm/meshes/
[1.180s] copying meshes/link6.STL -> /home/unknownlegend/arm_ws/install/dof6arm/share/dof6arm/meshes/
[1.180s] copying meshes/base_link.STL -> /home/unknownlegend/arm_ws/install/dof6arm/share/dof6arm/meshes/
[1.180s] copying meshes/link1.STL -> /home/unknownlegend/arm_ws/install/dof6arm/share/dof6arm/meshes/
[1.180s] copying meshes/link5.STL -> /home/unknownlegend/arm_ws/install/dof6arm/share/dof6arm/meshes/
[1.181s] copying meshes/link4.STL -> /home/unknownlegend/arm_ws/install/dof6arm/share/dof6arm/meshes/
[1.181s] copying meshes/link2.STL -> /home/unknownlegend/arm_ws/install/dof6arm/share/dof6arm/meshes/
[1.181s] running install_egg_info
[1.184s] removing '/home/unknownlegend/arm_ws/install/dof6arm/lib/python3.10/site-packages/dof6arm-0.0.0-py3.10.egg-info' (and everything under it)
[1.184s] Copying ../../build/dof6arm/dof6arm.egg-info to /home/unknownlegend/arm_ws/install/dof6arm/lib/python3.10/site-packages/dof6arm-0.0.0-py3.10.egg-info
[1.185s] running install_scripts
[1.205s] writing list of installed files to '/home/unknownlegend/arm_ws/build/dof6arm/install.log'
[1.250s] Invoked command in '/home/unknownlegend/arm_ws/src/dof6arm' returned '0': PYTHONPATH=/home/unknownlegend/arm_ws/build/dof6arm/prefix_override:/usr/lib/python3/dist-packages/colcon_core/task/python/colcon_distutils_commands:/home/unknownlegend/arm_ws/install/dof6arm/lib/python3.10/site-packages:${PYTHONPATH} /usr/bin/python3 -W ignore:setup.py install is deprecated -W ignore:easy_install command is deprecated setup.py egg_info --egg-base ../../build/dof6arm build --build-base /home/unknownlegend/arm_ws/build/dof6arm/build install --record /home/unknownlegend/arm_ws/build/dof6arm/install.log --single-version-externally-managed install_data
