[1.825s] Invoking command in '/home/unknownlegend/arm_ws/src/arm_kinematics': PYTHONPATH=/home/unknownlegend/arm_ws/build/arm_kinematics/prefix_override:/usr/lib/python3/dist-packages/colcon_core/task/python/colcon_distutils_commands:/home/unknownlegend/arm_ws/install/arm_kinematics/lib/python3.10/site-packages:${PYTHONPATH} /usr/bin/python3 -W ignore:setup.py install is deprecated -W ignore:easy_install command is deprecated setup.py egg_info --egg-base ../../build/arm_kinematics build --build-base /home/unknownlegend/arm_ws/build/arm_kinematics/build install --record /home/unknownlegend/arm_ws/build/arm_kinematics/install.log --single-version-externally-managed install_data
[2.080s] running egg_info
[2.081s] writing ../../build/arm_kinematics/arm_kinematics.egg-info/PKG-INFO
[2.081s] writing dependency_links to ../../build/arm_kinematics/arm_kinematics.egg-info/dependency_links.txt
[2.081s] writing entry points to ../../build/arm_kinematics/arm_kinematics.egg-info/entry_points.txt
[2.081s] writing requirements to ../../build/arm_kinematics/arm_kinematics.egg-info/requires.txt
[2.081s] writing top-level names to ../../build/arm_kinematics/arm_kinematics.egg-info/top_level.txt
[2.084s] reading manifest file '../../build/arm_kinematics/arm_kinematics.egg-info/SOURCES.txt'
[2.116s] writing manifest file '../../build/arm_kinematics/arm_kinematics.egg-info/SOURCES.txt'
[2.117s] running build
[2.117s] running build_py
[2.117s] copying arm_kinematics/ik_node.py -> /home/unknownlegend/arm_ws/build/arm_kinematics/build/lib/arm_kinematics
[2.117s] running install
[2.118s] running install_lib
[2.119s] copying /home/unknownlegend/arm_ws/build/arm_kinematics/build/lib/arm_kinematics/ik_node.py -> /home/unknownlegend/arm_ws/install/arm_kinematics/lib/python3.10/site-packages/arm_kinematics
[2.120s] byte-compiling /home/unknownlegend/arm_ws/install/arm_kinematics/lib/python3.10/site-packages/arm_kinematics/ik_node.py to ik_node.cpython-310.pyc
[2.121s] running install_data
[2.121s] running install_egg_info
[2.124s] removing '/home/unknownlegend/arm_ws/install/arm_kinematics/lib/python3.10/site-packages/arm_kinematics-0.0.0-py3.10.egg-info' (and everything under it)
[2.124s] Copying ../../build/arm_kinematics/arm_kinematics.egg-info to /home/unknownlegend/arm_ws/install/arm_kinematics/lib/python3.10/site-packages/arm_kinematics-0.0.0-py3.10.egg-info
[2.132s] running install_scripts
[2.156s] Installing fk_node script to /home/unknownlegend/arm_ws/install/arm_kinematics/lib/arm_kinematics
[2.157s] Installing ik_node script to /home/unknownlegend/arm_ws/install/arm_kinematics/lib/arm_kinematics
[2.157s] writing list of installed files to '/home/unknownlegend/arm_ws/build/arm_kinematics/install.log'
[2.190s] Invoked command in '/home/unknownlegend/arm_ws/src/arm_kinematics' returned '0': PYTHONPATH=/home/unknownlegend/arm_ws/build/arm_kinematics/prefix_override:/usr/lib/python3/dist-packages/colcon_core/task/python/colcon_distutils_commands:/home/unknownlegend/arm_ws/install/arm_kinematics/lib/python3.10/site-packages:${PYTHONPATH} /usr/bin/python3 -W ignore:setup.py install is deprecated -W ignore:easy_install command is deprecated setup.py egg_info --egg-base ../../build/arm_kinematics build --build-base /home/unknownlegend/arm_ws/build/arm_kinematics/build install --record /home/unknownlegend/arm_ws/build/arm_kinematics/install.log --single-version-externally-managed install_data
