running egg_info
writing ../../build/arm_kinematics/arm_kinematics.egg-info/PKG-INFO
writing dependency_links to ../../build/arm_kinematics/arm_kinematics.egg-info/dependency_links.txt
writing entry points to ../../build/arm_kinematics/arm_kinematics.egg-info/entry_points.txt
writing requirements to ../../build/arm_kinematics/arm_kinematics.egg-info/requires.txt
writing top-level names to ../../build/arm_kinematics/arm_kinematics.egg-info/top_level.txt
reading manifest file '../../build/arm_kinematics/arm_kinematics.egg-info/SOURCES.txt'
writing manifest file '../../build/arm_kinematics/arm_kinematics.egg-info/SOURCES.txt'
running build
running build_py
copying arm_kinematics/ik_solver.py -> /home/unknownlegend/arm_ws/build/arm_kinematics/build/lib/arm_kinematics
copying arm_kinematics/ik_node.py -> /home/unknownlegend/arm_ws/build/arm_kinematics/build/lib/arm_kinematics
running install
running install_lib
copying /home/unknownlegend/arm_ws/build/arm_kinematics/build/lib/arm_kinematics/ik_solver.py -> /home/unknownlegend/arm_ws/install/arm_kinematics/lib/python3.10/site-packages/arm_kinematics
copying /home/unknownlegend/arm_ws/build/arm_kinematics/build/lib/arm_kinematics/ik_node.py -> /home/unknownlegend/arm_ws/install/arm_kinematics/lib/python3.10/site-packages/arm_kinematics
byte-compiling /home/unknownlegend/arm_ws/install/arm_kinematics/lib/python3.10/site-packages/arm_kinematics/ik_solver.py to ik_solver.cpython-310.pyc
byte-compiling /home/unknownlegend/arm_ws/install/arm_kinematics/lib/python3.10/site-packages/arm_kinematics/ik_node.py to ik_node.cpython-310.pyc
running install_data
running install_egg_info
removing '/home/unknownlegend/arm_ws/install/arm_kinematics/lib/python3.10/site-packages/arm_kinematics-0.0.0-py3.10.egg-info' (and everything under it)
Copying ../../build/arm_kinematics/arm_kinematics.egg-info to /home/unknownlegend/arm_ws/install/arm_kinematics/lib/python3.10/site-packages/arm_kinematics-0.0.0-py3.10.egg-info
running install_scripts
Installing fk_node script to /home/unknownlegend/arm_ws/install/arm_kinematics/lib/arm_kinematics
Installing home_pose_node script to /home/unknownlegend/arm_ws/install/arm_kinematics/lib/arm_kinematics
Installing ik_node script to /home/unknownlegend/arm_ws/install/arm_kinematics/lib/arm_kinematics
Installing pose_gui script to /home/unknownlegend/arm_ws/install/arm_kinematics/lib/arm_kinematics
writing list of installed files to '/home/unknownlegend/arm_ws/build/arm_kinematics/install.log'
