running egg_info
creating ../../build/arm_kinematics/arm_kinematics.egg-info
writing ../../build/arm_kinematics/arm_kinematics.egg-info/PKG-INFO
writing dependency_links to ../../build/arm_kinematics/arm_kinematics.egg-info/dependency_links.txt
writing entry points to ../../build/arm_kinematics/arm_kinematics.egg-info/entry_points.txt
writing requirements to ../../build/arm_kinematics/arm_kinematics.egg-info/requires.txt
writing top-level names to ../../build/arm_kinematics/arm_kinematics.egg-info/top_level.txt
writing manifest file '../../build/arm_kinematics/arm_kinematics.egg-info/SOURCES.txt'
reading manifest file '../../build/arm_kinematics/arm_kinematics.egg-info/SOURCES.txt'
writing manifest file '../../build/arm_kinematics/arm_kinematics.egg-info/SOURCES.txt'
running build
running build_py
creating /home/unknownlegend/arm_ws/build/arm_kinematics/build
creating /home/unknownlegend/arm_ws/build/arm_kinematics/build/lib
creating /home/unknownlegend/arm_ws/build/arm_kinematics/build/lib/arm_kinematics
copying arm_kinematics/dh_transform.py -> /home/unknownlegend/arm_ws/build/arm_kinematics/build/lib/arm_kinematics
copying arm_kinematics/__init__.py -> /home/unknownlegend/arm_ws/build/arm_kinematics/build/lib/arm_kinematics
copying arm_kinematics/fk_solver.py -> /home/unknownlegend/arm_ws/build/arm_kinematics/build/lib/arm_kinematics
copying arm_kinematics/fk_node.py -> /home/unknownlegend/arm_ws/build/arm_kinematics/build/lib/arm_kinematics
copying arm_kinematics/ik_solver.py -> /home/unknownlegend/arm_ws/build/arm_kinematics/build/lib/arm_kinematics
running install
running install_lib
creating /home/unknownlegend/arm_ws/install/arm_kinematics/lib/python3.10/site-packages/arm_kinematics
copying /home/unknownlegend/arm_ws/build/arm_kinematics/build/lib/arm_kinematics/dh_transform.py -> /home/unknownlegend/arm_ws/install/arm_kinematics/lib/python3.10/site-packages/arm_kinematics
copying /home/unknownlegend/arm_ws/build/arm_kinematics/build/lib/arm_kinematics/__init__.py -> /home/unknownlegend/arm_ws/install/arm_kinematics/lib/python3.10/site-packages/arm_kinematics
copying /home/unknownlegend/arm_ws/build/arm_kinematics/build/lib/arm_kinematics/fk_solver.py -> /home/unknownlegend/arm_ws/install/arm_kinematics/lib/python3.10/site-packages/arm_kinematics
copying /home/unknownlegend/arm_ws/build/arm_kinematics/build/lib/arm_kinematics/fk_node.py -> /home/unknownlegend/arm_ws/install/arm_kinematics/lib/python3.10/site-packages/arm_kinematics
copying /home/unknownlegend/arm_ws/build/arm_kinematics/build/lib/arm_kinematics/ik_solver.py -> /home/unknownlegend/arm_ws/install/arm_kinematics/lib/python3.10/site-packages/arm_kinematics
byte-compiling /home/unknownlegend/arm_ws/install/arm_kinematics/lib/python3.10/site-packages/arm_kinematics/dh_transform.py to dh_transform.cpython-310.pyc
byte-compiling /home/unknownlegend/arm_ws/install/arm_kinematics/lib/python3.10/site-packages/arm_kinematics/__init__.py to __init__.cpython-310.pyc
byte-compiling /home/unknownlegend/arm_ws/install/arm_kinematics/lib/python3.10/site-packages/arm_kinematics/fk_solver.py to fk_solver.cpython-310.pyc
byte-compiling /home/unknownlegend/arm_ws/install/arm_kinematics/lib/python3.10/site-packages/arm_kinematics/fk_node.py to fk_node.cpython-310.pyc
byte-compiling /home/unknownlegend/arm_ws/install/arm_kinematics/lib/python3.10/site-packages/arm_kinematics/ik_solver.py to ik_solver.cpython-310.pyc
running install_data
creating /home/unknownlegend/arm_ws/install/arm_kinematics/share/ament_index
creating /home/unknownlegend/arm_ws/install/arm_kinematics/share/ament_index/resource_index
creating /home/unknownlegend/arm_ws/install/arm_kinematics/share/ament_index/resource_index/packages
copying resource/arm_kinematics -> /home/unknownlegend/arm_ws/install/arm_kinematics/share/ament_index/resource_index/packages
copying package.xml -> /home/unknownlegend/arm_ws/install/arm_kinematics/share/arm_kinematics
running install_egg_info
Copying ../../build/arm_kinematics/arm_kinematics.egg-info to /home/unknownlegend/arm_ws/install/arm_kinematics/lib/python3.10/site-packages/arm_kinematics-0.0.0-py3.10.egg-info
running install_scripts
Installing fk_node script to /home/unknownlegend/arm_ws/install/arm_kinematics/lib/arm_kinematics
writing list of installed files to '/home/unknownlegend/arm_ws/build/arm_kinematics/install.log'
