[0.110s] DEBUG:colcon:Command line arguments: ['/usr/bin/colcon', 'build']
[0.110s] DEBUG:colcon:Parsed command line arguments: Namespace(log_base=None, log_level=None, verb_name='build', build_base='build', install_base='install', merge_install=False, symlink_install=False, test_result_base=None, continue_on_error=False, executor='parallel', parallel_workers=8, event_handlers=None, ignore_user_meta=False, metas=['./colcon.meta'], base_paths=['.'], packages_ignore=None, packages_ignore_regex=None, paths=None, packages_up_to=None, packages_up_to_regex=None, packages_above=None, packages_above_and_dependencies=None, packages_above_depth=None, packages_select_by_dep=None, packages_skip_by_dep=None, packages_skip_up_to=None, packages_select_build_failed=False, packages_skip_build_finished=False, packages_select_test_failures=False, packages_skip_test_passed=False, packages_select=None, packages_skip=None, packages_select_regex=None, packages_skip_regex=None, packages_start=None, packages_end=None, allow_overriding=[], cmake_args=None, cmake_target=None, cmake_target_skip_unavailable=False, cmake_clean_cache=False, cmake_clean_first=False, cmake_force_configure=False, ament_cmake_args=None, catkin_cmake_args=None, catkin_skip_building_tests=False, verb_parser=<colcon_defaults.argument_parser.defaults.DefaultArgumentsDecorator object at 0x71217235dde0>, verb_extension=<colcon_core.verb.build.BuildVerb object at 0x71217235d8d0>, main=<bound method BuildVerb.main of <colcon_core.verb.build.BuildVerb object at 0x71217235d8d0>>)
[0.286s] Level 1:colcon.colcon_core.package_discovery:discover_packages(colcon_meta) check parameters
[0.286s] Level 1:colcon.colcon_core.package_discovery:discover_packages(recursive) check parameters
[0.286s] Level 1:colcon.colcon_core.package_discovery:discover_packages(ignore) check parameters
[0.286s] Level 1:colcon.colcon_core.package_discovery:discover_packages(path) check parameters
[0.286s] Level 1:colcon.colcon_core.package_discovery:discover_packages(colcon_meta) discover
[0.286s] Level 1:colcon.colcon_core.package_discovery:discover_packages(recursive) discover
[0.286s] INFO:colcon.colcon_core.package_discovery:Crawling recursively for packages in '/home/unknownlegend/arm_ws'
[0.286s] Level 1:colcon.colcon_core.package_identification:_identify(.) by extensions ['ignore', 'ignore_ament_install']
[0.286s] Level 1:colcon.colcon_core.package_identification:_identify(.) by extension 'ignore'
[0.286s] Level 1:colcon.colcon_core.package_identification:_identify(.) by extension 'ignore_ament_install'
[0.286s] Level 1:colcon.colcon_core.package_identification:_identify(.) by extensions ['colcon_pkg']
[0.286s] Level 1:colcon.colcon_core.package_identification:_identify(.) by extension 'colcon_pkg'
[0.287s] Level 1:colcon.colcon_core.package_identification:_identify(.) by extensions ['colcon_meta']
[0.287s] Level 1:colcon.colcon_core.package_identification:_identify(.) by extension 'colcon_meta'
[0.287s] Level 1:colcon.colcon_core.package_identification:_identify(.) by extensions ['ros']
[0.287s] Level 1:colcon.colcon_core.package_identification:_identify(.) by extension 'ros'
[0.297s] Level 1:colcon.colcon_core.package_identification:_identify(.) by extensions ['cmake', 'python']
[0.297s] Level 1:colcon.colcon_core.package_identification:_identify(.) by extension 'cmake'
[0.298s] Level 1:colcon.colcon_core.package_identification:_identify(.) by extension 'python'
[0.298s] Level 1:colcon.colcon_core.package_identification:_identify(.) by extensions ['python_setup_py']
[0.298s] Level 1:colcon.colcon_core.package_identification:_identify(.) by extension 'python_setup_py'
[0.298s] Level 1:colcon.colcon_core.package_identification:_identify(build) by extensions ['ignore', 'ignore_ament_install']
[0.298s] Level 1:colcon.colcon_core.package_identification:_identify(build) by extension 'ignore'
[0.298s] Level 1:colcon.colcon_core.package_identification:_identify(build) ignored
[0.298s] Level 1:colcon.colcon_core.package_identification:_identify(install) by extensions ['ignore', 'ignore_ament_install']
[0.298s] Level 1:colcon.colcon_core.package_identification:_identify(install) by extension 'ignore'
[0.298s] Level 1:colcon.colcon_core.package_identification:_identify(install) ignored
[0.298s] Level 1:colcon.colcon_core.package_identification:_identify(log) by extensions ['ignore', 'ignore_ament_install']
[0.298s] Level 1:colcon.colcon_core.package_identification:_identify(log) by extension 'ignore'
[0.298s] Level 1:colcon.colcon_core.package_identification:_identify(log) ignored
[0.298s] Level 1:colcon.colcon_core.package_identification:_identify(src) by extensions ['ignore', 'ignore_ament_install']
[0.299s] Level 1:colcon.colcon_core.package_identification:_identify(src) by extension 'ignore'
[0.299s] Level 1:colcon.colcon_core.package_identification:_identify(src) by extension 'ignore_ament_install'
[0.299s] Level 1:colcon.colcon_core.package_identification:_identify(src) by extensions ['colcon_pkg']
[0.299s] Level 1:colcon.colcon_core.package_identification:_identify(src) by extension 'colcon_pkg'
[0.299s] Level 1:colcon.colcon_core.package_identification:_identify(src) by extensions ['colcon_meta']
[0.299s] Level 1:colcon.colcon_core.package_identification:_identify(src) by extension 'colcon_meta'
[0.299s] Level 1:colcon.colcon_core.package_identification:_identify(src) by extensions ['ros']
[0.299s] Level 1:colcon.colcon_core.package_identification:_identify(src) by extension 'ros'
[0.299s] Level 1:colcon.colcon_core.package_identification:_identify(src) by extensions ['cmake', 'python']
[0.299s] Level 1:colcon.colcon_core.package_identification:_identify(src) by extension 'cmake'
[0.299s] Level 1:colcon.colcon_core.package_identification:_identify(src) by extension 'python'
[0.299s] Level 1:colcon.colcon_core.package_identification:_identify(src) by extensions ['python_setup_py']
[0.299s] Level 1:colcon.colcon_core.package_identification:_identify(src) by extension 'python_setup_py'
[0.299s] Level 1:colcon.colcon_core.package_identification:_identify(src/arm_bringup) by extensions ['ignore', 'ignore_ament_install']
[0.299s] Level 1:colcon.colcon_core.package_identification:_identify(src/arm_bringup) by extension 'ignore'
[0.299s] Level 1:colcon.colcon_core.package_identification:_identify(src/arm_bringup) by extension 'ignore_ament_install'
[0.299s] Level 1:colcon.colcon_core.package_identification:_identify(src/arm_bringup) by extensions ['colcon_pkg']
[0.299s] Level 1:colcon.colcon_core.package_identification:_identify(src/arm_bringup) by extension 'colcon_pkg'
[0.299s] Level 1:colcon.colcon_core.package_identification:_identify(src/arm_bringup) by extensions ['colcon_meta']
[0.299s] Level 1:colcon.colcon_core.package_identification:_identify(src/arm_bringup) by extension 'colcon_meta'
[0.299s] Level 1:colcon.colcon_core.package_identification:_identify(src/arm_bringup) by extensions ['ros']
[0.299s] Level 1:colcon.colcon_core.package_identification:_identify(src/arm_bringup) by extension 'ros'
[0.302s] DEBUG:colcon.colcon_core.package_identification:Package 'src/arm_bringup' with type 'ros.ament_python' and name 'arm_bringup'
[0.302s] Level 1:colcon.colcon_core.package_identification:_identify(src/arm_kinematics) by extensions ['ignore', 'ignore_ament_install']
[0.302s] Level 1:colcon.colcon_core.package_identification:_identify(src/arm_kinematics) by extension 'ignore'
[0.302s] Level 1:colcon.colcon_core.package_identification:_identify(src/arm_kinematics) by extension 'ignore_ament_install'
[0.302s] Level 1:colcon.colcon_core.package_identification:_identify(src/arm_kinematics) by extensions ['colcon_pkg']
[0.302s] Level 1:colcon.colcon_core.package_identification:_identify(src/arm_kinematics) by extension 'colcon_pkg'
[0.302s] Level 1:colcon.colcon_core.package_identification:_identify(src/arm_kinematics) by extensions ['colcon_meta']
[0.302s] Level 1:colcon.colcon_core.package_identification:_identify(src/arm_kinematics) by extension 'colcon_meta'
[0.302s] Level 1:colcon.colcon_core.package_identification:_identify(src/arm_kinematics) by extensions ['ros']
[0.302s] Level 1:colcon.colcon_core.package_identification:_identify(src/arm_kinematics) by extension 'ros'
[0.303s] DEBUG:colcon.colcon_core.package_identification:Package 'src/arm_kinematics' with type 'ros.ament_python' and name 'arm_kinematics'
[0.303s] Level 1:colcon.colcon_core.package_identification:_identify(src/dof6arm) by extensions ['ignore', 'ignore_ament_install']
[0.303s] Level 1:colcon.colcon_core.package_identification:_identify(src/dof6arm) by extension 'ignore'
[0.303s] Level 1:colcon.colcon_core.package_identification:_identify(src/dof6arm) by extension 'ignore_ament_install'
[0.303s] Level 1:colcon.colcon_core.package_identification:_identify(src/dof6arm) by extensions ['colcon_pkg']
[0.303s] Level 1:colcon.colcon_core.package_identification:_identify(src/dof6arm) by extension 'colcon_pkg'
[0.303s] Level 1:colcon.colcon_core.package_identification:_identify(src/dof6arm) by extensions ['colcon_meta']
[0.303s] Level 1:colcon.colcon_core.package_identification:_identify(src/dof6arm) by extension 'colcon_meta'
[0.303s] Level 1:colcon.colcon_core.package_identification:_identify(src/dof6arm) by extensions ['ros']
[0.303s] Level 1:colcon.colcon_core.package_identification:_identify(src/dof6arm) by extension 'ros'
[0.304s] DEBUG:colcon.colcon_core.package_identification:Package 'src/dof6arm' with type 'ros.ament_python' and name 'dof6arm'
[0.305s] Level 1:colcon.colcon_core.package_identification:_identify(src/robot_web) by extensions ['ignore', 'ignore_ament_install']
[0.305s] Level 1:colcon.colcon_core.package_identification:_identify(src/robot_web) by extension 'ignore'
[0.305s] Level 1:colcon.colcon_core.package_identification:_identify(src/robot_web) by extension 'ignore_ament_install'
[0.305s] Level 1:colcon.colcon_core.package_identification:_identify(src/robot_web) by extensions ['colcon_pkg']
[0.305s] Level 1:colcon.colcon_core.package_identification:_identify(src/robot_web) by extension 'colcon_pkg'
[0.305s] Level 1:colcon.colcon_core.package_identification:_identify(src/robot_web) by extensions ['colcon_meta']
[0.305s] Level 1:colcon.colcon_core.package_identification:_identify(src/robot_web) by extension 'colcon_meta'
[0.305s] Level 1:colcon.colcon_core.package_identification:_identify(src/robot_web) by extensions ['ros']
[0.305s] Level 1:colcon.colcon_core.package_identification:_identify(src/robot_web) by extension 'ros'
[0.305s] Level 1:colcon.colcon_core.package_identification:_identify(src/robot_web) by extensions ['cmake', 'python']
[0.305s] Level 1:colcon.colcon_core.package_identification:_identify(src/robot_web) by extension 'cmake'
[0.305s] Level 1:colcon.colcon_core.package_identification:_identify(src/robot_web) by extension 'python'
[0.305s] Level 1:colcon.colcon_core.package_identification:_identify(src/robot_web) by extensions ['python_setup_py']
[0.305s] Level 1:colcon.colcon_core.package_identification:_identify(src/robot_web) by extension 'python_setup_py'
[0.305s] Level 1:colcon.colcon_core.package_discovery:discover_packages(recursive) using defaults
[0.305s] Level 1:colcon.colcon_core.package_discovery:discover_packages(ignore) discover
[0.305s] Level 1:colcon.colcon_core.package_discovery:discover_packages(ignore) using defaults
[0.305s] Level 1:colcon.colcon_core.package_discovery:discover_packages(path) discover
[0.305s] Level 1:colcon.colcon_core.package_discovery:discover_packages(path) using defaults
[0.336s] Level 1:colcon.colcon_core.package_discovery:discover_packages(prefix_path) check parameters
[0.336s] Level 1:colcon.colcon_core.package_discovery:discover_packages(prefix_path) discover
[0.337s] WARNING:colcon.colcon_ros.prefix_path.ament:The path '/home/unknownlegend/arm_ws/install/arm_description' in the environment variable AMENT_PREFIX_PATH doesn't exist
[0.339s] DEBUG:colcon.colcon_installed_package_information.package_discovery:Found 3 installed packages in /home/unknownlegend/arm_ws/install
[0.340s] DEBUG:colcon.colcon_installed_package_information.package_discovery:Found 24 installed packages in /home/unknownlegend/ros2_ws/install
[0.341s] DEBUG:colcon.colcon_installed_package_information.package_discovery:Found 3 installed packages in /home/unknownlegend/install
[0.342s] DEBUG:colcon.colcon_installed_package_information.package_discovery:Found 273 installed packages in /opt/ros/humble
[0.344s] Level 1:colcon.colcon_core.package_discovery:discover_packages(prefix_path) using defaults
[0.382s] Level 5:colcon.colcon_core.verb:set package 'arm_bringup' build argument 'cmake_args' from command line to 'None'
[0.382s] Level 5:colcon.colcon_core.verb:set package 'arm_bringup' build argument 'cmake_target' from command line to 'None'
[0.382s] Level 5:colcon.colcon_core.verb:set package 'arm_bringup' build argument 'cmake_target_skip_unavailable' from command line to 'False'
[0.382s] Level 5:colcon.colcon_core.verb:set package 'arm_bringup' build argument 'cmake_clean_cache' from command line to 'False'
[0.382s] Level 5:colcon.colcon_core.verb:set package 'arm_bringup' build argument 'cmake_clean_first' from command line to 'False'
[0.382s] Level 5:colcon.colcon_core.verb:set package 'arm_bringup' build argument 'cmake_force_configure' from command line to 'False'
[0.382s] Level 5:colcon.colcon_core.verb:set package 'arm_bringup' build argument 'ament_cmake_args' from command line to 'None'
[0.382s] Level 5:colcon.colcon_core.verb:set package 'arm_bringup' build argument 'catkin_cmake_args' from command line to 'None'
[0.382s] Level 5:colcon.colcon_core.verb:set package 'arm_bringup' build argument 'catkin_skip_building_tests' from command line to 'False'
[0.382s] DEBUG:colcon.colcon_core.verb:Building package 'arm_bringup' with the following arguments: {'ament_cmake_args': None, 'build_base': '/home/unknownlegend/arm_ws/build/arm_bringup', 'catkin_cmake_args': None, 'catkin_skip_building_tests': False, 'cmake_args': None, 'cmake_clean_cache': False, 'cmake_clean_first': False, 'cmake_force_configure': False, 'cmake_target': None, 'cmake_target_skip_unavailable': False, 'install_base': '/home/unknownlegend/arm_ws/install/arm_bringup', 'merge_install': False, 'path': '/home/unknownlegend/arm_ws/src/arm_bringup', 'symlink_install': False, 'test_result_base': None}
[0.383s] Level 5:colcon.colcon_core.verb:set package 'arm_kinematics' build argument 'cmake_args' from command line to 'None'
[0.383s] Level 5:colcon.colcon_core.verb:set package 'arm_kinematics' build argument 'cmake_target' from command line to 'None'
[0.383s] Level 5:colcon.colcon_core.verb:set package 'arm_kinematics' build argument 'cmake_target_skip_unavailable' from command line to 'False'
[0.383s] Level 5:colcon.colcon_core.verb:set package 'arm_kinematics' build argument 'cmake_clean_cache' from command line to 'False'
[0.383s] Level 5:colcon.colcon_core.verb:set package 'arm_kinematics' build argument 'cmake_clean_first' from command line to 'False'
[0.383s] Level 5:colcon.colcon_core.verb:set package 'arm_kinematics' build argument 'cmake_force_configure' from command line to 'False'
[0.383s] Level 5:colcon.colcon_core.verb:set package 'arm_kinematics' build argument 'ament_cmake_args' from command line to 'None'
[0.383s] Level 5:colcon.colcon_core.verb:set package 'arm_kinematics' build argument 'catkin_cmake_args' from command line to 'None'
[0.383s] Level 5:colcon.colcon_core.verb:set package 'arm_kinematics' build argument 'catkin_skip_building_tests' from command line to 'False'
[0.383s] DEBUG:colcon.colcon_core.verb:Building package 'arm_kinematics' with the following arguments: {'ament_cmake_args': None, 'build_base': '/home/unknownlegend/arm_ws/build/arm_kinematics', 'catkin_cmake_args': None, 'catkin_skip_building_tests': False, 'cmake_args': None, 'cmake_clean_cache': False, 'cmake_clean_first': False, 'cmake_force_configure': False, 'cmake_target': None, 'cmake_target_skip_unavailable': False, 'install_base': '/home/unknownlegend/arm_ws/install/arm_kinematics', 'merge_install': False, 'path': '/home/unknownlegend/arm_ws/src/arm_kinematics', 'symlink_install': False, 'test_result_base': None}
[0.383s] Level 5:colcon.colcon_core.verb:set package 'dof6arm' build argument 'cmake_args' from command line to 'None'
[0.383s] Level 5:colcon.colcon_core.verb:set package 'dof6arm' build argument 'cmake_target' from command line to 'None'
[0.383s] Level 5:colcon.colcon_core.verb:set package 'dof6arm' build argument 'cmake_target_skip_unavailable' from command line to 'False'
[0.384s] Level 5:colcon.colcon_core.verb:set package 'dof6arm' build argument 'cmake_clean_cache' from command line to 'False'
[0.384s] Level 5:colcon.colcon_core.verb:set package 'dof6arm' build argument 'cmake_clean_first' from command line to 'False'
[0.384s] Level 5:colcon.colcon_core.verb:set package 'dof6arm' build argument 'cmake_force_configure' from command line to 'False'
[0.384s] Level 5:colcon.colcon_core.verb:set package 'dof6arm' build argument 'ament_cmake_args' from command line to 'None'
[0.384s] Level 5:colcon.colcon_core.verb:set package 'dof6arm' build argument 'catkin_cmake_args' from command line to 'None'
[0.384s] Level 5:colcon.colcon_core.verb:set package 'dof6arm' build argument 'catkin_skip_building_tests' from command line to 'False'
[0.384s] DEBUG:colcon.colcon_core.verb:Building package 'dof6arm' with the following arguments: {'ament_cmake_args': None, 'build_base': '/home/unknownlegend/arm_ws/build/dof6arm', 'catkin_cmake_args': None, 'catkin_skip_building_tests': False, 'cmake_args': None, 'cmake_clean_cache': False, 'cmake_clean_first': False, 'cmake_force_configure': False, 'cmake_target': None, 'cmake_target_skip_unavailable': False, 'install_base': '/home/unknownlegend/arm_ws/install/dof6arm', 'merge_install': False, 'path': '/home/unknownlegend/arm_ws/src/dof6arm', 'symlink_install': False, 'test_result_base': None}
[0.384s] INFO:colcon.colcon_core.executor:Executing jobs using 'parallel' executor
[0.385s] DEBUG:colcon.colcon_parallel_executor.executor.parallel:run_until_complete
[0.385s] INFO:colcon.colcon_ros.task.ament_python.build:Building ROS package in '/home/unknownlegend/arm_ws/src/arm_bringup' with build type 'ament_python'
[0.385s] Level 1:colcon.colcon_core.shell:create_environment_hook('arm_bringup', 'ament_prefix_path')
[0.387s] INFO:colcon.colcon_core.plugin_system:Skipping extension 'colcon_core.shell.bat': Not used on non-Windows systems
[0.387s] INFO:colcon.colcon_core.shell:Creating environment hook '/home/unknownlegend/arm_ws/install/arm_bringup/share/arm_bringup/hook/ament_prefix_path.ps1'
[0.388s] INFO:colcon.colcon_core.shell:Creating environment descriptor '/home/unknownlegend/arm_ws/install/arm_bringup/share/arm_bringup/hook/ament_prefix_path.dsv'
[0.388s] INFO:colcon.colcon_core.shell:Creating environment hook '/home/unknownlegend/arm_ws/install/arm_bringup/share/arm_bringup/hook/ament_prefix_path.sh'
[0.389s] INFO:colcon.colcon_core.shell:Skip shell extension 'powershell' for command environment: Not usable outside of PowerShell
[0.389s] DEBUG:colcon.colcon_core.shell:Skip shell extension 'dsv' for command environment
[0.394s] INFO:colcon.colcon_ros.task.ament_python.build:Building ROS package in '/home/unknownlegend/arm_ws/src/arm_kinematics' with build type 'ament_python'
[0.394s] Level 1:colcon.colcon_core.shell:create_environment_hook('arm_kinematics', 'ament_prefix_path')
[0.394s] INFO:colcon.colcon_core.shell:Creating environment hook '/home/unknownlegend/arm_ws/install/arm_kinematics/share/arm_kinematics/hook/ament_prefix_path.ps1'
[0.395s] INFO:colcon.colcon_core.shell:Creating environment descriptor '/home/unknownlegend/arm_ws/install/arm_kinematics/share/arm_kinematics/hook/ament_prefix_path.dsv'
[0.395s] INFO:colcon.colcon_core.shell:Creating environment hook '/home/unknownlegend/arm_ws/install/arm_kinematics/share/arm_kinematics/hook/ament_prefix_path.sh'
[0.396s] INFO:colcon.colcon_core.shell:Skip shell extension 'powershell' for command environment: Not usable outside of PowerShell
[0.396s] DEBUG:colcon.colcon_core.shell:Skip shell extension 'dsv' for command environment
[0.401s] INFO:colcon.colcon_ros.task.ament_python.build:Building ROS package in '/home/unknownlegend/arm_ws/src/dof6arm' with build type 'ament_python'
[0.401s] Level 1:colcon.colcon_core.shell:create_environment_hook('dof6arm', 'ament_prefix_path')
[0.401s] INFO:colcon.colcon_core.shell:Creating environment hook '/home/unknownlegend/arm_ws/install/dof6arm/share/dof6arm/hook/ament_prefix_path.ps1'
[0.402s] INFO:colcon.colcon_core.shell:Creating environment descriptor '/home/unknownlegend/arm_ws/install/dof6arm/share/dof6arm/hook/ament_prefix_path.dsv'
[0.402s] INFO:colcon.colcon_core.shell:Creating environment hook '/home/unknownlegend/arm_ws/install/dof6arm/share/dof6arm/hook/ament_prefix_path.sh'
[0.402s] INFO:colcon.colcon_core.shell:Skip shell extension 'powershell' for command environment: Not usable outside of PowerShell
[0.402s] DEBUG:colcon.colcon_core.shell:Skip shell extension 'dsv' for command environment
[0.684s] INFO:colcon.colcon_core.task.python.build:Building Python package in '/home/unknownlegend/arm_ws/src/arm_bringup'
[0.684s] INFO:colcon.colcon_core.shell:Skip shell extension 'powershell' for command environment: Not usable outside of PowerShell
[0.684s] DEBUG:colcon.colcon_core.shell:Skip shell extension 'dsv' for command environment
[0.979s] INFO:colcon.colcon_core.task.python.build:Building Python package in '/home/unknownlegend/arm_ws/src/arm_kinematics'
[0.980s] INFO:colcon.colcon_core.shell:Skip shell extension 'powershell' for command environment: Not usable outside of PowerShell
[0.980s] DEBUG:colcon.colcon_core.shell:Skip shell extension 'dsv' for command environment
[1.267s] INFO:colcon.colcon_core.task.python.build:Building Python package in '/home/unknownlegend/arm_ws/src/dof6arm'
[1.268s] INFO:colcon.colcon_core.shell:Skip shell extension 'powershell' for command environment: Not usable outside of PowerShell
[1.268s] DEBUG:colcon.colcon_core.shell:Skip shell extension 'dsv' for command environment
[1.653s] DEBUG:colcon.colcon_core.event_handler.log_command:Invoking command in '/home/unknownlegend/arm_ws/src/dof6arm': PYTHONPATH=/home/unknownlegend/arm_ws/build/dof6arm/prefix_override:/usr/lib/python3/dist-packages/colcon_core/task/python/colcon_distutils_commands:/home/unknownlegend/arm_ws/install/dof6arm/lib/python3.10/site-packages:${PYTHONPATH} /usr/bin/python3 -W ignore:setup.py install is deprecated -W ignore:easy_install command is deprecated setup.py egg_info --egg-base ../../build/dof6arm build --build-base /home/unknownlegend/arm_ws/build/dof6arm/build install --record /home/unknownlegend/arm_ws/build/dof6arm/install.log --single-version-externally-managed install_data
[1.658s] DEBUG:colcon.colcon_core.event_handler.log_command:Invoking command in '/home/unknownlegend/arm_ws/src/arm_kinematics': PYTHONPATH=/home/unknownlegend/arm_ws/build/arm_kinematics/prefix_override:/usr/lib/python3/dist-packages/colcon_core/task/python/colcon_distutils_commands:/home/unknownlegend/arm_ws/install/arm_kinematics/lib/python3.10/site-packages:${PYTHONPATH} /usr/bin/python3 -W ignore:setup.py install is deprecated -W ignore:easy_install command is deprecated setup.py egg_info --egg-base ../../build/arm_kinematics build --build-base /home/unknownlegend/arm_ws/build/arm_kinematics/build install --record /home/unknownlegend/arm_ws/build/arm_kinematics/install.log --single-version-externally-managed install_data
[1.669s] DEBUG:colcon.colcon_core.event_handler.log_command:Invoking command in '/home/unknownlegend/arm_ws/src/arm_bringup': PYTHONPATH=/home/unknownlegend/arm_ws/build/arm_bringup/prefix_override:/usr/lib/python3/dist-packages/colcon_core/task/python/colcon_distutils_commands:/home/unknownlegend/arm_ws/install/arm_bringup/lib/python3.10/site-packages:${PYTHONPATH} /usr/bin/python3 -W ignore:setup.py install is deprecated -W ignore:easy_install command is deprecated setup.py egg_info --egg-base ../../build/arm_bringup build --build-base /home/unknownlegend/arm_ws/build/arm_bringup/build install --record /home/unknownlegend/arm_ws/build/arm_bringup/install.log --single-version-externally-managed install_data
[1.993s] DEBUG:colcon.colcon_core.event_handler.log_command:Invoked command in '/home/unknownlegend/arm_ws/src/dof6arm' returned '0': PYTHONPATH=/home/unknownlegend/arm_ws/build/dof6arm/prefix_override:/usr/lib/python3/dist-packages/colcon_core/task/python/colcon_distutils_commands:/home/unknownlegend/arm_ws/install/dof6arm/lib/python3.10/site-packages:${PYTHONPATH} /usr/bin/python3 -W ignore:setup.py install is deprecated -W ignore:easy_install command is deprecated setup.py egg_info --egg-base ../../build/dof6arm build --build-base /home/unknownlegend/arm_ws/build/dof6arm/build install --record /home/unknownlegend/arm_ws/build/dof6arm/install.log --single-version-externally-managed install_data
[1.996s] Level 1:colcon.colcon_core.environment:checking '/home/unknownlegend/arm_ws/install/dof6arm' for CMake module files
[1.997s] Level 1:colcon.colcon_core.environment:checking '/home/unknownlegend/arm_ws/install/dof6arm' for CMake config files
[1.998s] Level 1:colcon.colcon_core.environment:checking '/home/unknownlegend/arm_ws/install/dof6arm/lib'
[1.998s] Level 1:colcon.colcon_core.environment:checking '/home/unknownlegend/arm_ws/install/dof6arm/bin'
[1.998s] Level 1:colcon.colcon_core.environment:checking '/home/unknownlegend/arm_ws/install/dof6arm/lib/pkgconfig/dof6arm.pc'
[1.998s] Level 1:colcon.colcon_core.environment:checking '/home/unknownlegend/arm_ws/install/dof6arm/lib/python3.10/site-packages'
[1.999s] Level 1:colcon.colcon_core.shell:create_environment_hook('dof6arm', 'pythonpath')
[1.999s] INFO:colcon.colcon_core.shell:Creating environment hook '/home/unknownlegend/arm_ws/install/dof6arm/share/dof6arm/hook/pythonpath.ps1'
[2.000s] INFO:colcon.colcon_core.shell:Creating environment descriptor '/home/unknownlegend/arm_ws/install/dof6arm/share/dof6arm/hook/pythonpath.dsv'
[2.000s] INFO:colcon.colcon_core.shell:Creating environment hook '/home/unknownlegend/arm_ws/install/dof6arm/share/dof6arm/hook/pythonpath.sh'
[2.001s] Level 1:colcon.colcon_core.environment:checking '/home/unknownlegend/arm_ws/install/dof6arm/bin'
[2.001s] Level 1:colcon.colcon_core.environment:create_environment_scripts_only(dof6arm)
[2.002s] INFO:colcon.colcon_core.shell:Creating package script '/home/unknownlegend/arm_ws/install/dof6arm/share/dof6arm/package.ps1'
[2.004s] INFO:colcon.colcon_core.shell:Creating package descriptor '/home/unknownlegend/arm_ws/install/dof6arm/share/dof6arm/package.dsv'
[2.004s] INFO:colcon.colcon_core.shell:Creating package script '/home/unknownlegend/arm_ws/install/dof6arm/share/dof6arm/package.sh'
[2.005s] INFO:colcon.colcon_core.shell:Creating package script '/home/unknownlegend/arm_ws/install/dof6arm/share/dof6arm/package.bash'
[2.006s] INFO:colcon.colcon_core.shell:Creating package script '/home/unknownlegend/arm_ws/install/dof6arm/share/dof6arm/package.zsh'
[2.007s] Level 1:colcon.colcon_core.environment:create_file_with_runtime_dependencies(/home/unknownlegend/arm_ws/install/dof6arm/share/colcon-core/packages/dof6arm)
[2.012s] Level 1:colcon.colcon_core.environment:checking '/home/unknownlegend/arm_ws/install/arm_bringup' for CMake module files
[2.013s] DEBUG:colcon.colcon_core.event_handler.log_command:Invoked command in '/home/unknownlegend/arm_ws/src/arm_bringup' returned '0': PYTHONPATH=/home/unknownlegend/arm_ws/build/arm_bringup/prefix_override:/usr/lib/python3/dist-packages/colcon_core/task/python/colcon_distutils_commands:/home/unknownlegend/arm_ws/install/arm_bringup/lib/python3.10/site-packages:${PYTHONPATH} /usr/bin/python3 -W ignore:setup.py install is deprecated -W ignore:easy_install command is deprecated setup.py egg_info --egg-base ../../build/arm_bringup build --build-base /home/unknownlegend/arm_ws/build/arm_bringup/build install --record /home/unknownlegend/arm_ws/build/arm_bringup/install.log --single-version-externally-managed install_data
[2.013s] Level 1:colcon.colcon_core.environment:checking '/home/unknownlegend/arm_ws/install/arm_bringup' for CMake config files
[2.014s] Level 1:colcon.colcon_core.environment:checking '/home/unknownlegend/arm_ws/install/arm_bringup/lib'
[2.014s] Level 1:colcon.colcon_core.environment:checking '/home/unknownlegend/arm_ws/install/arm_bringup/bin'
[2.014s] Level 1:colcon.colcon_core.environment:checking '/home/unknownlegend/arm_ws/install/arm_bringup/lib/pkgconfig/arm_bringup.pc'
[2.014s] Level 1:colcon.colcon_core.environment:checking '/home/unknownlegend/arm_ws/install/arm_bringup/lib/python3.10/site-packages'
[2.014s] Level 1:colcon.colcon_core.shell:create_environment_hook('arm_bringup', 'pythonpath')
[2.015s] INFO:colcon.colcon_core.shell:Creating environment hook '/home/unknownlegend/arm_ws/install/arm_bringup/share/arm_bringup/hook/pythonpath.ps1'
[2.015s] INFO:colcon.colcon_core.shell:Creating environment descriptor '/home/unknownlegend/arm_ws/install/arm_bringup/share/arm_bringup/hook/pythonpath.dsv'
[2.016s] INFO:colcon.colcon_core.shell:Creating environment hook '/home/unknownlegend/arm_ws/install/arm_bringup/share/arm_bringup/hook/pythonpath.sh'
[2.017s] Level 1:colcon.colcon_core.environment:checking '/home/unknownlegend/arm_ws/install/arm_bringup/bin'
[2.017s] Level 1:colcon.colcon_core.environment:create_environment_scripts_only(arm_bringup)
[2.017s] INFO:colcon.colcon_core.shell:Creating package script '/home/unknownlegend/arm_ws/install/arm_bringup/share/arm_bringup/package.ps1'
[2.019s] INFO:colcon.colcon_core.shell:Creating package descriptor '/home/unknownlegend/arm_ws/install/arm_bringup/share/arm_bringup/package.dsv'
[2.020s] INFO:colcon.colcon_core.shell:Creating package script '/home/unknownlegend/arm_ws/install/arm_bringup/share/arm_bringup/package.sh'
[2.020s] INFO:colcon.colcon_core.shell:Creating package script '/home/unknownlegend/arm_ws/install/arm_bringup/share/arm_bringup/package.bash'
[2.021s] INFO:colcon.colcon_core.shell:Creating package script '/home/unknownlegend/arm_ws/install/arm_bringup/share/arm_bringup/package.zsh'
[2.021s] Level 1:colcon.colcon_core.environment:create_file_with_runtime_dependencies(/home/unknownlegend/arm_ws/install/arm_bringup/share/colcon-core/packages/arm_bringup)
[2.034s] Level 1:colcon.colcon_core.environment:checking '/home/unknownlegend/arm_ws/install/arm_kinematics' for CMake module files
[2.035s] DEBUG:colcon.colcon_core.event_handler.log_command:Invoked command in '/home/unknownlegend/arm_ws/src/arm_kinematics' returned '0': PYTHONPATH=/home/unknownlegend/arm_ws/build/arm_kinematics/prefix_override:/usr/lib/python3/dist-packages/colcon_core/task/python/colcon_distutils_commands:/home/unknownlegend/arm_ws/install/arm_kinematics/lib/python3.10/site-packages:${PYTHONPATH} /usr/bin/python3 -W ignore:setup.py install is deprecated -W ignore:easy_install command is deprecated setup.py egg_info --egg-base ../../build/arm_kinematics build --build-base /home/unknownlegend/arm_ws/build/arm_kinematics/build install --record /home/unknownlegend/arm_ws/build/arm_kinematics/install.log --single-version-externally-managed install_data
[2.035s] Level 1:colcon.colcon_core.environment:checking '/home/unknownlegend/arm_ws/install/arm_kinematics' for CMake config files
[2.036s] Level 1:colcon.colcon_core.environment:checking '/home/unknownlegend/arm_ws/install/arm_kinematics/lib'
[2.036s] Level 1:colcon.colcon_core.environment:checking '/home/unknownlegend/arm_ws/install/arm_kinematics/bin'
[2.036s] Level 1:colcon.colcon_core.environment:checking '/home/unknownlegend/arm_ws/install/arm_kinematics/lib/pkgconfig/arm_kinematics.pc'
[2.036s] Level 1:colcon.colcon_core.environment:checking '/home/unknownlegend/arm_ws/install/arm_kinematics/lib/python3.10/site-packages'
[2.036s] Level 1:colcon.colcon_core.shell:create_environment_hook('arm_kinematics', 'pythonpath')
[2.037s] INFO:colcon.colcon_core.shell:Creating environment hook '/home/unknownlegend/arm_ws/install/arm_kinematics/share/arm_kinematics/hook/pythonpath.ps1'
[2.037s] INFO:colcon.colcon_core.shell:Creating environment descriptor '/home/unknownlegend/arm_ws/install/arm_kinematics/share/arm_kinematics/hook/pythonpath.dsv'
[2.038s] INFO:colcon.colcon_core.shell:Creating environment hook '/home/unknownlegend/arm_ws/install/arm_kinematics/share/arm_kinematics/hook/pythonpath.sh'
[2.039s] Level 1:colcon.colcon_core.environment:checking '/home/unknownlegend/arm_ws/install/arm_kinematics/bin'
[2.039s] Level 1:colcon.colcon_core.environment:create_environment_scripts_only(arm_kinematics)
[2.039s] INFO:colcon.colcon_core.shell:Creating package script '/home/unknownlegend/arm_ws/install/arm_kinematics/share/arm_kinematics/package.ps1'
[2.040s] INFO:colcon.colcon_core.shell:Creating package descriptor '/home/unknownlegend/arm_ws/install/arm_kinematics/share/arm_kinematics/package.dsv'
[2.041s] INFO:colcon.colcon_core.shell:Creating package script '/home/unknownlegend/arm_ws/install/arm_kinematics/share/arm_kinematics/package.sh'
[2.041s] INFO:colcon.colcon_core.shell:Creating package script '/home/unknownlegend/arm_ws/install/arm_kinematics/share/arm_kinematics/package.bash'
[2.041s] INFO:colcon.colcon_core.shell:Creating package script '/home/unknownlegend/arm_ws/install/arm_kinematics/share/arm_kinematics/package.zsh'
[2.042s] Level 1:colcon.colcon_core.environment:create_file_with_runtime_dependencies(/home/unknownlegend/arm_ws/install/arm_kinematics/share/colcon-core/packages/arm_kinematics)
[2.042s] DEBUG:colcon.colcon_parallel_executor.executor.parallel:closing loop
[2.042s] DEBUG:colcon.colcon_parallel_executor.executor.parallel:loop closed
[2.043s] DEBUG:colcon.colcon_parallel_executor.executor.parallel:run_until_complete finished with '0'
[2.043s] DEBUG:colcon.colcon_core.event_reactor:joining thread
[2.050s] INFO:colcon.colcon_core.plugin_system:Skipping extension 'colcon_notification.desktop_notification.terminal_notifier': Not used on non-Darwin systems
[2.050s] INFO:colcon.colcon_core.plugin_system:Skipping extension 'colcon_notification.desktop_notification.win32': Not used on non-Windows systems
[2.050s] INFO:colcon.colcon_notification.desktop_notification:Sending desktop notification using 'notify2'
[2.064s] DEBUG:colcon.colcon_core.event_reactor:joined thread
[2.065s] INFO:colcon.colcon_core.shell:Creating prefix script '/home/unknownlegend/arm_ws/install/local_setup.ps1'
[2.066s] INFO:colcon.colcon_core.shell:Creating prefix util module '/home/unknownlegend/arm_ws/install/_local_setup_util_ps1.py'
[2.067s] INFO:colcon.colcon_core.shell:Creating prefix chain script '/home/unknownlegend/arm_ws/install/setup.ps1'
[2.071s] INFO:colcon.colcon_core.shell:Creating prefix script '/home/unknownlegend/arm_ws/install/local_setup.sh'
[2.071s] INFO:colcon.colcon_core.shell:Creating prefix util module '/home/unknownlegend/arm_ws/install/_local_setup_util_sh.py'
[2.072s] INFO:colcon.colcon_core.shell:Creating prefix chain script '/home/unknownlegend/arm_ws/install/setup.sh'
[2.074s] INFO:colcon.colcon_core.shell:Creating prefix script '/home/unknownlegend/arm_ws/install/local_setup.bash'
[2.075s] INFO:colcon.colcon_core.shell:Creating prefix chain script '/home/unknownlegend/arm_ws/install/setup.bash'
[2.078s] INFO:colcon.colcon_core.shell:Creating prefix script '/home/unknownlegend/arm_ws/install/local_setup.zsh'
[2.079s] INFO:colcon.colcon_core.shell:Creating prefix chain script '/home/unknownlegend/arm_ws/install/setup.zsh'
