[1.280s] Invoking command in '/home/unknownlegend/arm_ws/src/arm_bringup': PYTHONPATH=/home/unknownlegend/arm_ws/build/arm_bringup/prefix_override:/usr/lib/python3/dist-packages/colcon_core/task/python/colcon_distutils_commands:/home/unknownlegend/arm_ws/install/arm_bringup/lib/python3.10/site-packages:${PYTHONPATH} /usr/bin/python3 -W ignore:setup.py install is deprecated -W ignore:easy_install command is deprecated setup.py egg_info --egg-base ../../build/arm_bringup build --build-base /home/unknownlegend/arm_ws/build/arm_bringup/build install --record /home/unknownlegend/arm_ws/build/arm_bringup/install.log --single-version-externally-managed install_data
[1.558s] running egg_info
[1.558s] writing ../../build/arm_bringup/arm_bringup.egg-info/PKG-INFO
[1.559s] writing dependency_links to ../../build/arm_bringup/arm_bringup.egg-info/dependency_links.txt
[1.559s] writing entry points to ../../build/arm_bringup/arm_bringup.egg-info/entry_points.txt
[1.559s] writing requirements to ../../build/arm_bringup/arm_bringup.egg-info/requires.txt
[1.559s] writing top-level names to ../../build/arm_bringup/arm_bringup.egg-info/top_level.txt
[1.561s] reading manifest file '../../build/arm_bringup/arm_bringup.egg-info/SOURCES.txt'
[1.562s] writing manifest file '../../build/arm_bringup/arm_bringup.egg-info/SOURCES.txt'
[1.562s] running build
[1.562s] running build_py
[1.562s] running install
[1.563s] running install_lib
[1.564s] running install_data
[1.564s] running install_egg_info
[1.566s] removing '/home/unknownlegend/arm_ws/install/arm_bringup/lib/python3.10/site-packages/arm_bringup-0.0.0-py3.10.egg-info' (and everything under it)
[1.566s] Copying ../../build/arm_bringup/arm_bringup.egg-info to /home/unknownlegend/arm_ws/install/arm_bringup/lib/python3.10/site-packages/arm_bringup-0.0.0-py3.10.egg-info
[1.567s] running install_scripts
[1.589s] writing list of installed files to '/home/unknownlegend/arm_ws/build/arm_bringup/install.log'
[1.635s] Invoked command in '/home/unknownlegend/arm_ws/src/arm_bringup' returned '0': PYTHONPATH=/home/unknownlegend/arm_ws/build/arm_bringup/prefix_override:/usr/lib/python3/dist-packages/colcon_core/task/python/colcon_distutils_commands:/home/unknownlegend/arm_ws/install/arm_bringup/lib/python3.10/site-packages:${PYTHONPATH} /usr/bin/python3 -W ignore:setup.py install is deprecated -W ignore:easy_install command is deprecated setup.py egg_info --egg-base ../../build/arm_bringup build --build-base /home/unknownlegend/arm_ws/build/arm_bringup/build install --record /home/unknownlegend/arm_ws/build/arm_bringup/install.log --single-version-externally-managed install_data
