[1.493s] Invoking command in '/home/unknownlegend/arm_ws/src/arm_bringup': PYTHONPATH=/home/unknownlegend/arm_ws/build/arm_bringup/prefix_override:/usr/lib/python3/dist-packages/colcon_core/task/python/colcon_distutils_commands:/home/unknownlegend/arm_ws/install/arm_bringup/lib/python3.10/site-packages:${PYTHONPATH} /usr/bin/python3 -W ignore:setup.py install is deprecated -W ignore:easy_install command is deprecated setup.py egg_info --egg-base ../../build/arm_bringup build --build-base /home/unknownlegend/arm_ws/build/arm_bringup/build install --record /home/unknownlegend/arm_ws/build/arm_bringup/install.log --single-version-externally-managed install_data
[1.776s] running egg_info
[1.777s] creating ../../build/arm_bringup/arm_bringup.egg-info
[1.777s] writing ../../build/arm_bringup/arm_bringup.egg-info/PKG-INFO
[1.777s] writing dependency_links to ../../build/arm_bringup/arm_bringup.egg-info/dependency_links.txt
[1.777s] writing entry points to ../../build/arm_bringup/arm_bringup.egg-info/entry_points.txt
[1.777s] writing requirements to ../../build/arm_bringup/arm_bringup.egg-info/requires.txt
[1.778s] writing top-level names to ../../build/arm_bringup/arm_bringup.egg-info/top_level.txt
[1.778s] writing manifest file '../../build/arm_bringup/arm_bringup.egg-info/SOURCES.txt'
[1.779s] reading manifest file '../../build/arm_bringup/arm_bringup.egg-info/SOURCES.txt'
[1.780s] writing manifest file '../../build/arm_bringup/arm_bringup.egg-info/SOURCES.txt'
[1.780s] running build
[1.780s] running build_py
[1.780s] creating /home/unknownlegend/arm_ws/build/arm_bringup/build
[1.780s] creating /home/unknownlegend/arm_ws/build/arm_bringup/build/lib
[1.780s] creating /home/unknownlegend/arm_ws/build/arm_bringup/build/lib/arm_bringup
[1.781s] copying arm_bringup/__init__.py -> /home/unknownlegend/arm_ws/build/arm_bringup/build/lib/arm_bringup
[1.781s] running install
[1.781s] running install_lib
[1.782s] creating /home/unknownlegend/arm_ws/install/arm_bringup/lib/python3.10/site-packages/arm_bringup
[1.782s] copying /home/unknownlegend/arm_ws/build/arm_bringup/build/lib/arm_bringup/__init__.py -> /home/unknownlegend/arm_ws/install/arm_bringup/lib/python3.10/site-packages/arm_bringup
[1.782s] byte-compiling /home/unknownlegend/arm_ws/install/arm_bringup/lib/python3.10/site-packages/arm_bringup/__init__.py to __init__.cpython-310.pyc
[1.783s] running install_data
[1.783s] creating /home/unknownlegend/arm_ws/install/arm_bringup/share/ament_index
[1.783s] creating /home/unknownlegend/arm_ws/install/arm_bringup/share/ament_index/resource_index
[1.784s] creating /home/unknownlegend/arm_ws/install/arm_bringup/share/ament_index/resource_index/packages
[1.784s] copying resource/arm_bringup -> /home/unknownlegend/arm_ws/install/arm_bringup/share/ament_index/resource_index/packages
[1.784s] copying package.xml -> /home/unknownlegend/arm_ws/install/arm_bringup/share/arm_bringup
[1.784s] creating /home/unknownlegend/arm_ws/install/arm_bringup/share/arm_bringup/launch
[1.784s] copying launch/system.launch.py -> /home/unknownlegend/arm_ws/install/arm_bringup/share/arm_bringup/launch
[1.784s] running install_egg_info
[1.786s] Copying ../../build/arm_bringup/arm_bringup.egg-info to /home/unknownlegend/arm_ws/install/arm_bringup/lib/python3.10/site-packages/arm_bringup-0.0.0-py3.10.egg-info
[1.787s] running install_scripts
[1.811s] writing list of installed files to '/home/unknownlegend/arm_ws/build/arm_bringup/install.log'
[1.868s] Invoked command in '/home/unknownlegend/arm_ws/src/arm_bringup' returned '0': PYTHONPATH=/home/unknownlegend/arm_ws/build/arm_bringup/prefix_override:/usr/lib/python3/dist-packages/colcon_core/task/python/colcon_distutils_commands:/home/unknownlegend/arm_ws/install/arm_bringup/lib/python3.10/site-packages:${PYTHONPATH} /usr/bin/python3 -W ignore:setup.py install is deprecated -W ignore:easy_install command is deprecated setup.py egg_info --egg-base ../../build/arm_bringup build --build-base /home/unknownlegend/arm_ws/build/arm_bringup/build install --record /home/unknownlegend/arm_ws/build/arm_bringup/install.log --single-version-externally-managed install_data
