running egg_info
creating ../../build/arm_kinamatics/arm_kinamatics.egg-info
writing ../../build/arm_kinamatics/arm_kinamatics.egg-info/PKG-INFO
writing dependency_links to ../../build/arm_kinamatics/arm_kinamatics.egg-info/dependency_links.txt
writing entry points to ../../build/arm_kinamatics/arm_kinamatics.egg-info/entry_points.txt
writing requirements to ../../build/arm_kinamatics/arm_kinamatics.egg-info/requires.txt
writing top-level names to ../../build/arm_kinamatics/arm_kinamatics.egg-info/top_level.txt
writing manifest file '../../build/arm_kinamatics/arm_kinamatics.egg-info/SOURCES.txt'
reading manifest file '../../build/arm_kinamatics/arm_kinamatics.egg-info/SOURCES.txt'
writing manifest file '../../build/arm_kinamatics/arm_kinamatics.egg-info/SOURCES.txt'
running build
running build_py
creating /home/unknownlegend/arm_ws/build/arm_kinamatics/build
creating /home/unknownlegend/arm_ws/build/arm_kinamatics/build/lib
creating /home/unknownlegend/arm_ws/build/arm_kinamatics/build/lib/arm_kinamatics
copying arm_kinamatics/dh_transform.py -> /home/unknownlegend/arm_ws/build/arm_kinamatics/build/lib/arm_kinamatics
copying arm_kinamatics/__init__.py -> /home/unknownlegend/arm_ws/build/arm_kinamatics/build/lib/arm_kinamatics
copying arm_kinamatics/fk_solver.py -> /home/unknownlegend/arm_ws/build/arm_kinamatics/build/lib/arm_kinamatics
copying arm_kinamatics/fk_node.py -> /home/unknownlegend/arm_ws/build/arm_kinamatics/build/lib/arm_kinamatics
copying arm_kinamatics/ik_solver.py -> /home/unknownlegend/arm_ws/build/arm_kinamatics/build/lib/arm_kinamatics
running install
running install_lib
creating /home/unknownlegend/arm_ws/install/arm_kinamatics/lib/python3.10/site-packages/arm_kinamatics
copying /home/unknownlegend/arm_ws/build/arm_kinamatics/build/lib/arm_kinamatics/dh_transform.py -> /home/unknownlegend/arm_ws/install/arm_kinamatics/lib/python3.10/site-packages/arm_kinamatics
copying /home/unknownlegend/arm_ws/build/arm_kinamatics/build/lib/arm_kinamatics/__init__.py -> /home/unknownlegend/arm_ws/install/arm_kinamatics/lib/python3.10/site-packages/arm_kinamatics
copying /home/unknownlegend/arm_ws/build/arm_kinamatics/build/lib/arm_kinamatics/fk_solver.py -> /home/unknownlegend/arm_ws/install/arm_kinamatics/lib/python3.10/site-packages/arm_kinamatics
copying /home/unknownlegend/arm_ws/build/arm_kinamatics/build/lib/arm_kinamatics/fk_node.py -> /home/unknownlegend/arm_ws/install/arm_kinamatics/lib/python3.10/site-packages/arm_kinamatics
copying /home/unknownlegend/arm_ws/build/arm_kinamatics/build/lib/arm_kinamatics/ik_solver.py -> /home/unknownlegend/arm_ws/install/arm_kinamatics/lib/python3.10/site-packages/arm_kinamatics
byte-compiling /home/unknownlegend/arm_ws/install/arm_kinamatics/lib/python3.10/site-packages/arm_kinamatics/dh_transform.py to dh_transform.cpython-310.pyc
byte-compiling /home/unknownlegend/arm_ws/install/arm_kinamatics/lib/python3.10/site-packages/arm_kinamatics/__init__.py to __init__.cpython-310.pyc
byte-compiling /home/unknownlegend/arm_ws/install/arm_kinamatics/lib/python3.10/site-packages/arm_kinamatics/fk_solver.py to fk_solver.cpython-310.pyc
byte-compiling /home/unknownlegend/arm_ws/install/arm_kinamatics/lib/python3.10/site-packages/arm_kinamatics/fk_node.py to fk_node.cpython-310.pyc
byte-compiling /home/unknownlegend/arm_ws/install/arm_kinamatics/lib/python3.10/site-packages/arm_kinamatics/ik_solver.py to ik_solver.cpython-310.pyc
running install_data
creating /home/unknownlegend/arm_ws/install/arm_kinamatics/share/ament_index
creating /home/unknownlegend/arm_ws/install/arm_kinamatics/share/ament_index/resource_index
creating /home/unknownlegend/arm_ws/install/arm_kinamatics/share/ament_index/resource_index/packages
copying resource/arm_kinamatics -> /home/unknownlegend/arm_ws/install/arm_kinamatics/share/ament_index/resource_index/packages
copying package.xml -> /home/unknownlegend/arm_ws/install/arm_kinamatics/share/arm_kinamatics
running install_egg_info
Copying ../../build/arm_kinamatics/arm_kinamatics.egg-info to /home/unknownlegend/arm_ws/install/arm_kinamatics/lib/python3.10/site-packages/arm_kinamatics-0.0.0-py3.10.egg-info
running install_scripts
Installing fk_node script to /home/unknownlegend/arm_ws/install/arm_kinamatics/lib/arm_kinamatics
writing list of installed files to '/home/unknownlegend/arm_ws/build/arm_kinamatics/install.log'
