/home/unknownlegend/arm_ws/install/arm_kinamatics/lib/python3.10/site-packages/arm_kinamatics/dh_transform.py
/home/unknownlegend/arm_ws/install/arm_kinamatics/lib/python3.10/site-packages/arm_kinamatics/__init__.py
/home/unknownlegend/arm_ws/install/arm_kinamatics/lib/python3.10/site-packages/arm_kinamatics/fk_solver.py
/home/unknownlegend/arm_ws/install/arm_kinamatics/lib/python3.10/site-packages/arm_kinamatics/fk_node.py
/home/unknownlegend/arm_ws/install/arm_kinamatics/lib/python3.10/site-packages/arm_kinamatics/ik_solver.py
/home/unknownlegend/arm_ws/install/arm_kinamatics/lib/python3.10/site-packages/arm_kinamatics/__pycache__/dh_transform.cpython-310.pyc
/home/unknownlegend/arm_ws/install/arm_kinamatics/lib/python3.10/site-packages/arm_kinamatics/__pycache__/__init__.cpython-310.pyc
/home/unknownlegend/arm_ws/install/arm_kinamatics/lib/python3.10/site-packages/arm_kinamatics/__pycache__/fk_solver.cpython-310.pyc
/home/unknownlegend/arm_ws/install/arm_kinamatics/lib/python3.10/site-packages/arm_kinamatics/__pycache__/fk_node.cpython-310.pyc
/home/unknownlegend/arm_ws/install/arm_kinamatics/lib/python3.10/site-packages/arm_kinamatics/__pycache__/ik_solver.cpython-310.pyc
/home/unknownlegend/arm_ws/install/arm_kinamatics/share/ament_index/resource_index/packages/arm_kinamatics
/home/unknownlegend/arm_ws/install/arm_kinamatics/share/arm_kinamatics/package.xml
/home/unknownlegend/arm_ws/install/arm_kinamatics/lib/python3.10/site-packages/arm_kinamatics-0.0.0-py3.10.egg-info/SOURCES.txt
/home/unknownlegend/arm_ws/install/arm_kinamatics/lib/python3.10/site-packages/arm_kinamatics-0.0.0-py3.10.egg-info/entry_points.txt
/home/unknownlegend/arm_ws/install/arm_kinamatics/lib/python3.10/site-packages/arm_kinamatics-0.0.0-py3.10.egg-info/dependency_links.txt
/home/unknownlegend/arm_ws/install/arm_kinamatics/lib/python3.10/site-packages/arm_kinamatics-0.0.0-py3.10.egg-info/requires.txt
/home/unknownlegend/arm_ws/install/arm_kinamatics/lib/python3.10/site-packages/arm_kinamatics-0.0.0-py3.10.egg-info/top_level.txt
/home/unknownlegend/arm_ws/install/arm_kinamatics/lib/python3.10/site-packages/arm_kinamatics-0.0.0-py3.10.egg-info/PKG-INFO
/home/unknownlegend/arm_ws/install/arm_kinamatics/lib/python3.10/site-packages/arm_kinamatics-0.0.0-py3.10.egg-info/zip-safe
/home/unknownlegend/arm_ws/install/arm_kinamatics/lib/arm_kinamatics/fk_node
