[1.161s] Invoking command in '/home/unknownlegend/arm_ws/src/arm_kinematics': PYTHONPATH=/home/unknownlegend/arm_ws/build/arm_kinematics/prefix_override:/usr/lib/python3/dist-packages/colcon_core/task/python/colcon_distutils_commands:/home/unknownlegend/arm_ws/install/arm_kinematics/lib/python3.10/site-packages:${PYTHONPATH} /usr/bin/python3 -W ignore:setup.py install is deprecated -W ignore:easy_install command is deprecated setup.py egg_info --egg-base ../../build/arm_kinematics build --build-base /home/unknownlegend/arm_ws/build/arm_kinematics/build install --record /home/unknownlegend/arm_ws/build/arm_kinematics/install.log --single-version-externally-managed install_data
[1.407s] running egg_info
[1.407s] writing ../../build/arm_kinematics/arm_kinematics.egg-info/PKG-INFO
[1.407s] writing dependency_links to ../../build/arm_kinematics/arm_kinematics.egg-info/dependency_links.txt
[1.408s] writing entry points to ../../build/arm_kinematics/arm_kinematics.egg-info/entry_points.txt
[1.408s] writing requirements to ../../build/arm_kinematics/arm_kinematics.egg-info/requires.txt
[1.408s] writing top-level names to ../../build/arm_kinematics/arm_kinematics.egg-info/top_level.txt
[1.410s] reading manifest file '../../build/arm_kinematics/arm_kinematics.egg-info/SOURCES.txt'
[1.411s] writing manifest file '../../build/arm_kinematics/arm_kinematics.egg-info/SOURCES.txt'
[1.411s] running build
[1.411s] running build_py
[1.412s] running install
[1.412s] running install_lib
[1.413s] running install_data
[1.413s] running install_egg_info
[1.415s] removing '/home/unknownlegend/arm_ws/install/arm_kinematics/lib/python3.10/site-packages/arm_kinematics-0.0.0-py3.10.egg-info' (and everything under it)
[1.416s] Copying ../../build/arm_kinematics/arm_kinematics.egg-info to /home/unknownlegend/arm_ws/install/arm_kinematics/lib/python3.10/site-packages/arm_kinematics-0.0.0-py3.10.egg-info
[1.416s] running install_scripts
[1.438s] Installing fk_node script to /home/unknownlegend/arm_ws/install/arm_kinematics/lib/arm_kinematics
[1.438s] Installing home_pose_node script to /home/unknownlegend/arm_ws/install/arm_kinematics/lib/arm_kinematics
[1.438s] Installing ik_node script to /home/unknownlegend/arm_ws/install/arm_kinematics/lib/arm_kinematics
[1.438s] Installing pose_gui script to /home/unknownlegend/arm_ws/install/arm_kinematics/lib/arm_kinematics
[1.438s] writing list of installed files to '/home/unknownlegend/arm_ws/build/arm_kinematics/install.log'
[1.494s] Invoked command in '/home/unknownlegend/arm_ws/src/arm_kinematics' returned '0': PYTHONPATH=/home/unknownlegend/arm_ws/build/arm_kinematics/prefix_override:/usr/lib/python3/dist-packages/colcon_core/task/python/colcon_distutils_commands:/home/unknownlegend/arm_ws/install/arm_kinematics/lib/python3.10/site-packages:${PYTHONPATH} /usr/bin/python3 -W ignore:setup.py install is deprecated -W ignore:easy_install command is deprecated setup.py egg_info --egg-base ../../build/arm_kinematics build --build-base /home/unknownlegend/arm_ws/build/arm_kinematics/build install --record /home/unknownlegend/arm_ws/build/arm_kinematics/install.log --single-version-externally-managed install_data
