[1.238s] Invoking command in '/home/unknownlegend/arm_ws/src/arm_kinematics': PYTHONPATH=/home/unknownlegend/arm_ws/build/arm_kinematics/prefix_override:/usr/lib/python3/dist-packages/colcon_core/task/python/colcon_distutils_commands:/home/unknownlegend/arm_ws/install/arm_kinematics/lib/python3.10/site-packages:${PYTHONPATH} /usr/bin/python3 -W ignore:setup.py install is deprecated -W ignore:easy_install command is deprecated setup.py egg_info --egg-base ../../build/arm_kinematics build --build-base /home/unknownlegend/arm_ws/build/arm_kinematics/build install --record /home/unknownlegend/arm_ws/build/arm_kinematics/install.log --single-version-externally-managed install_data
[1.493s] running egg_info
[1.494s] writing ../../build/arm_kinematics/arm_kinematics.egg-info/PKG-INFO
[1.494s] writing dependency_links to ../../build/arm_kinematics/arm_kinematics.egg-info/dependency_links.txt
[1.494s] writing entry points to ../../build/arm_kinematics/arm_kinematics.egg-info/entry_points.txt
[1.494s] writing requirements to ../../build/arm_kinematics/arm_kinematics.egg-info/requires.txt
[1.495s] writing top-level names to ../../build/arm_kinematics/arm_kinematics.egg-info/top_level.txt
[1.497s] reading manifest file '../../build/arm_kinematics/arm_kinematics.egg-info/SOURCES.txt'
[1.498s] writing manifest file '../../build/arm_kinematics/arm_kinematics.egg-info/SOURCES.txt'
[1.498s] running build
[1.498s] running build_py
[1.499s] copying arm_kinematics/ik_node.py -> /home/unknownlegend/arm_ws/build/arm_kinematics/build/lib/arm_kinematics
[1.499s] running install
[1.499s] running install_lib
[1.500s] copying /home/unknownlegend/arm_ws/build/arm_kinematics/build/lib/arm_kinematics/ik_node.py -> /home/unknownlegend/arm_ws/install/arm_kinematics/lib/python3.10/site-packages/arm_kinematics
[1.501s] byte-compiling /home/unknownlegend/arm_ws/install/arm_kinematics/lib/python3.10/site-packages/arm_kinematics/ik_node.py to ik_node.cpython-310.pyc
[1.501s] running install_data
[1.502s] running install_egg_info
[1.503s] removing '/home/unknownlegend/arm_ws/install/arm_kinematics/lib/python3.10/site-packages/arm_kinematics-0.0.0-py3.10.egg-info' (and everything under it)
[1.504s] Copying ../../build/arm_kinematics/arm_kinematics.egg-info to /home/unknownlegend/arm_ws/install/arm_kinematics/lib/python3.10/site-packages/arm_kinematics-0.0.0-py3.10.egg-info
[1.504s] running install_scripts
[1.527s] Installing fk_node script to /home/unknownlegend/arm_ws/install/arm_kinematics/lib/arm_kinematics
[1.527s] Installing ik_node script to /home/unknownlegend/arm_ws/install/arm_kinematics/lib/arm_kinematics
[1.527s] writing list of installed files to '/home/unknownlegend/arm_ws/build/arm_kinematics/install.log'
[1.570s] Invoked command in '/home/unknownlegend/arm_ws/src/arm_kinematics' returned '0': PYTHONPATH=/home/unknownlegend/arm_ws/build/arm_kinematics/prefix_override:/usr/lib/python3/dist-packages/colcon_core/task/python/colcon_distutils_commands:/home/unknownlegend/arm_ws/install/arm_kinematics/lib/python3.10/site-packages:${PYTHONPATH} /usr/bin/python3 -W ignore:setup.py install is deprecated -W ignore:easy_install command is deprecated setup.py egg_info --egg-base ../../build/arm_kinematics build --build-base /home/unknownlegend/arm_ws/build/arm_kinematics/build install --record /home/unknownlegend/arm_ws/build/arm_kinematics/install.log --single-version-externally-managed install_data
