[1.182s] Invoking command in '/home/unknownlegend/arm_ws/src/arm_bringup': PYTHONPATH=/home/unknownlegend/arm_ws/build/arm_bringup/prefix_override:/usr/lib/python3/dist-packages/colcon_core/task/python/colcon_distutils_commands:/home/unknownlegend/arm_ws/install/arm_bringup/lib/python3.10/site-packages:${PYTHONPATH} /usr/bin/python3 -W ignore:setup.py install is deprecated -W ignore:easy_install command is deprecated setup.py egg_info --egg-base ../../build/arm_bringup build --build-base /home/unknownlegend/arm_ws/build/arm_bringup/build install --record /home/unknownlegend/arm_ws/build/arm_bringup/install.log --single-version-externally-managed install_data
[1.439s] running egg_info
[1.440s] writing ../../build/arm_bringup/arm_bringup.egg-info/PKG-INFO
[1.440s] writing dependency_links to ../../build/arm_bringup/arm_bringup.egg-info/dependency_links.txt
[1.440s] writing entry points to ../../build/arm_bringup/arm_bringup.egg-info/entry_points.txt
[1.440s] writing requirements to ../../build/arm_bringup/arm_bringup.egg-info/requires.txt
[1.440s] writing top-level names to ../../build/arm_bringup/arm_bringup.egg-info/top_level.txt
[1.443s] reading manifest file '../../build/arm_bringup/arm_bringup.egg-info/SOURCES.txt'
[1.443s] writing manifest file '../../build/arm_bringup/arm_bringup.egg-info/SOURCES.txt'
[1.444s] running build
[1.444s] running build_py
[1.444s] running install
[1.444s] running install_lib
[1.445s] running install_data
[1.446s] copying launch/system.launch.py -> /home/unknownlegend/arm_ws/install/arm_bringup/share/arm_bringup/launch
[1.446s] running install_egg_info
[1.448s] removing '/home/unknownlegend/arm_ws/install/arm_bringup/lib/python3.10/site-packages/arm_bringup-0.0.0-py3.10.egg-info' (and everything under it)
[1.448s] Copying ../../build/arm_bringup/arm_bringup.egg-info to /home/unknownlegend/arm_ws/install/arm_bringup/lib/python3.10/site-packages/arm_bringup-0.0.0-py3.10.egg-info
[1.449s] running install_scripts
[1.472s] writing list of installed files to '/home/unknownlegend/arm_ws/build/arm_bringup/install.log'
[1.507s] Invoked command in '/home/unknownlegend/arm_ws/src/arm_bringup' returned '0': PYTHONPATH=/home/unknownlegend/arm_ws/build/arm_bringup/prefix_override:/usr/lib/python3/dist-packages/colcon_core/task/python/colcon_distutils_commands:/home/unknownlegend/arm_ws/install/arm_bringup/lib/python3.10/site-packages:${PYTHONPATH} /usr/bin/python3 -W ignore:setup.py install is deprecated -W ignore:easy_install command is deprecated setup.py egg_info --egg-base ../../build/arm_bringup build --build-base /home/unknownlegend/arm_ws/build/arm_bringup/build install --record /home/unknownlegend/arm_ws/build/arm_bringup/install.log --single-version-externally-managed install_data
