/home/unknownlegend/arm_ws/install/dof6arm/share/ament_index/resource_index/packages/dof6arm
/home/unknownlegend/arm_ws/install/dof6arm/share/dof6arm/package.xml
/home/unknownlegend/arm_ws/install/dof6arm/share/dof6arm/view.launch1.py
/home/unknownlegend/arm_ws/install/dof6arm/share/dof6arm/urdf/dof6arm.urdf
/home/unknownlegend/arm_ws/install/dof6arm/share/dof6arm/urdf/backup.urdf
/home/unknownlegend/arm_ws/install/dof6arm/share/dof6arm/urdf/dof6arm2.0.urdf
/home/unknownlegend/arm_ws/install/dof6arm/share/dof6arm/urdf/dof6arm.SLDASM.csv
/home/unknownlegend/arm_ws/install/dof6arm/share/dof6arm/rviz/default.rviz
/home/unknownlegend/arm_ws/install/dof6arm/share/dof6arm/meshes/link3.STL
/home/unknownlegend/arm_ws/install/dof6arm/share/dof6arm/meshes/endfector.STL
/home/unknownlegend/arm_ws/install/dof6arm/share/dof6arm/meshes/link6.STL
/home/unknownlegend/arm_ws/install/dof6arm/share/dof6arm/meshes/base_link.STL
/home/unknownlegend/arm_ws/install/dof6arm/share/dof6arm/meshes/link1.STL
/home/unknownlegend/arm_ws/install/dof6arm/share/dof6arm/meshes/link5.STL
/home/unknownlegend/arm_ws/install/dof6arm/share/dof6arm/meshes/link4.STL
/home/unknownlegend/arm_ws/install/dof6arm/share/dof6arm/meshes/link2.STL
/home/unknownlegend/arm_ws/install/dof6arm/share/dof6arm/meshes/collision/
/home/unknownlegend/arm_ws/install/dof6arm/share/dof6arm/meshes/visual/
/home/unknownlegend/arm_ws/install/dof6arm/lib/python3.10/site-packages/dof6arm-0.0.0-py3.10.egg-info/SOURCES.txt
/home/unknownlegend/arm_ws/install/dof6arm/lib/python3.10/site-packages/dof6arm-0.0.0-py3.10.egg-info/entry_points.txt
/home/unknownlegend/arm_ws/install/dof6arm/lib/python3.10/site-packages/dof6arm-0.0.0-py3.10.egg-info/dependency_links.txt
/home/unknownlegend/arm_ws/install/dof6arm/lib/python3.10/site-packages/dof6arm-0.0.0-py3.10.egg-info/requires.txt
/home/unknownlegend/arm_ws/install/dof6arm/lib/python3.10/site-packages/dof6arm-0.0.0-py3.10.egg-info/top_level.txt
/home/unknownlegend/arm_ws/install/dof6arm/lib/python3.10/site-packages/dof6arm-0.0.0-py3.10.egg-info/PKG-INFO
/home/unknownlegend/arm_ws/install/dof6arm/lib/python3.10/site-packages/dof6arm-0.0.0-py3.10.egg-info/zip-safe
