[1.783s] Invoking command in '/home/unknownlegend/arm_ws/src/arm_kinematics': PYTHONPATH=/home/unknownlegend/arm_ws/build/arm_kinematics/prefix_override:/usr/lib/python3/dist-packages/colcon_core/task/python/colcon_distutils_commands:/home/unknownlegend/arm_ws/install/arm_kinematics/lib/python3.10/site-packages:${PYTHONPATH} /usr/bin/python3 -W ignore:setup.py install is deprecated -W ignore:easy_install command is deprecated setup.py egg_info --egg-base ../../build/arm_kinematics build --build-base /home/unknownlegend/arm_ws/build/arm_kinematics/build install --record /home/unknownlegend/arm_ws/build/arm_kinematics/install.log --single-version-externally-managed install_data
[2.046s] running egg_info
[2.047s] writing ../../build/arm_kinematics/arm_kinematics.egg-info/PKG-INFO
[2.047s] writing dependency_links to ../../build/arm_kinematics/arm_kinematics.egg-info/dependency_links.txt
[2.047s] writing entry points to ../../build/arm_kinematics/arm_kinematics.egg-info/entry_points.txt
[2.048s] writing requirements to ../../build/arm_kinematics/arm_kinematics.egg-info/requires.txt
[2.048s] writing top-level names to ../../build/arm_kinematics/arm_kinematics.egg-info/top_level.txt
[2.050s] reading manifest file '../../build/arm_kinematics/arm_kinematics.egg-info/SOURCES.txt'
[2.052s] writing manifest file '../../build/arm_kinematics/arm_kinematics.egg-info/SOURCES.txt'
[2.052s] running build
[2.052s] running build_py
[2.052s] copying arm_kinematics/ik_solver.py -> /home/unknownlegend/arm_ws/build/arm_kinematics/build/lib/arm_kinematics
[2.053s] copying arm_kinematics/ik_node.py -> /home/unknownlegend/arm_ws/build/arm_kinematics/build/lib/arm_kinematics
[2.053s] running install
[2.053s] running install_lib
[2.054s] copying /home/unknownlegend/arm_ws/build/arm_kinematics/build/lib/arm_kinematics/ik_solver.py -> /home/unknownlegend/arm_ws/install/arm_kinematics/lib/python3.10/site-packages/arm_kinematics
[2.054s] copying /home/unknownlegend/arm_ws/build/arm_kinematics/build/lib/arm_kinematics/ik_node.py -> /home/unknownlegend/arm_ws/install/arm_kinematics/lib/python3.10/site-packages/arm_kinematics
[2.055s] byte-compiling /home/unknownlegend/arm_ws/install/arm_kinematics/lib/python3.10/site-packages/arm_kinematics/ik_solver.py to ik_solver.cpython-310.pyc
[2.055s] byte-compiling /home/unknownlegend/arm_ws/install/arm_kinematics/lib/python3.10/site-packages/arm_kinematics/ik_node.py to ik_node.cpython-310.pyc
[2.056s] running install_data
[2.056s] running install_egg_info
[2.058s] removing '/home/unknownlegend/arm_ws/install/arm_kinematics/lib/python3.10/site-packages/arm_kinematics-0.0.0-py3.10.egg-info' (and everything under it)
[2.058s] Copying ../../build/arm_kinematics/arm_kinematics.egg-info to /home/unknownlegend/arm_ws/install/arm_kinematics/lib/python3.10/site-packages/arm_kinematics-0.0.0-py3.10.egg-info
[2.115s] running install_scripts
[2.156s] Installing fk_node script to /home/unknownlegend/arm_ws/install/arm_kinematics/lib/arm_kinematics
[2.156s] Installing ik_node script to /home/unknownlegend/arm_ws/install/arm_kinematics/lib/arm_kinematics
[2.156s] writing list of installed files to '/home/unknownlegend/arm_ws/build/arm_kinematics/install.log'
[2.218s] Invoked command in '/home/unknownlegend/arm_ws/src/arm_kinematics' returned '0': PYTHONPATH=/home/unknownlegend/arm_ws/build/arm_kinematics/prefix_override:/usr/lib/python3/dist-packages/colcon_core/task/python/colcon_distutils_commands:/home/unknownlegend/arm_ws/install/arm_kinematics/lib/python3.10/site-packages:${PYTHONPATH} /usr/bin/python3 -W ignore:setup.py install is deprecated -W ignore:easy_install command is deprecated setup.py egg_info --egg-base ../../build/arm_kinematics build --build-base /home/unknownlegend/arm_ws/build/arm_kinematics/build install --record /home/unknownlegend/arm_ws/build/arm_kinematics/install.log --single-version-externally-managed install_data
