running egg_info
creating ../../build/dof6arm/dof6arm.egg-info
writing ../../build/dof6arm/dof6arm.egg-info/PKG-INFO
writing dependency_links to ../../build/dof6arm/dof6arm.egg-info/dependency_links.txt
writing entry points to ../../build/dof6arm/dof6arm.egg-info/entry_points.txt
writing requirements to ../../build/dof6arm/dof6arm.egg-info/requires.txt
writing top-level names to ../../build/dof6arm/dof6arm.egg-info/top_level.txt
writing manifest file '../../build/dof6arm/dof6arm.egg-info/SOURCES.txt'
reading manifest file '../../build/dof6arm/dof6arm.egg-info/SOURCES.txt'
writing manifest file '../../build/dof6arm/dof6arm.egg-info/SOURCES.txt'
running build
running install
running install_data
creating /home/unknownlegend/arm_ws/install/dof6arm/share/ament_index
creating /home/unknownlegend/arm_ws/install/dof6arm/share/ament_index/resource_index
creating /home/unknownlegend/arm_ws/install/dof6arm/share/ament_index/resource_index/packages
copying resource/dof6arm -> /home/unknownlegend/arm_ws/install/dof6arm/share/ament_index/resource_index/packages
copying package.xml -> /home/unknownlegend/arm_ws/install/dof6arm/share/dof6arm
creating /home/unknownlegend/arm_ws/install/dof6arm/share/dof6arm/launch
copying launch/view.launch1.py -> /home/unknownlegend/arm_ws/install/dof6arm/share/dof6arm/launch
creating /home/unknownlegend/arm_ws/install/dof6arm/share/dof6arm/urdf
copying urdf/dof6arm.urdf -> /home/unknownlegend/arm_ws/install/dof6arm/share/dof6arm/urdf
copying urdf/backup.urdf -> /home/unknownlegend/arm_ws/install/dof6arm/share/dof6arm/urdf
copying urdf/dof6arm2.0.urdf -> /home/unknownlegend/arm_ws/install/dof6arm/share/dof6arm/urdf
copying urdf/dof6arm.SLDASM.csv -> /home/unknownlegend/arm_ws/install/dof6arm/share/dof6arm/urdf
creating /home/unknownlegend/arm_ws/install/dof6arm/share/dof6arm/rviz
copying rviz/default.rviz -> /home/unknownlegend/arm_ws/install/dof6arm/share/dof6arm/rviz
running install_egg_info
Copying ../../build/dof6arm/dof6arm.egg-info to /home/unknownlegend/arm_ws/install/dof6arm/lib/python3.10/site-packages/dof6arm-0.0.0-py3.10.egg-info
running install_scripts
writing list of installed files to '/home/unknownlegend/arm_ws/build/dof6arm/install.log'
