[1.486s] Invoking command in '/home/unknownlegend/arm_ws/src/dof6arm': PYTHONPATH=/home/unknownlegend/arm_ws/build/dof6arm/prefix_override:/usr/lib/python3/dist-packages/colcon_core/task/python/colcon_distutils_commands:/home/unknownlegend/arm_ws/install/dof6arm/lib/python3.10/site-packages:${PYTHONPATH} /usr/bin/python3 -W ignore:setup.py install is deprecated -W ignore:easy_install command is deprecated setup.py egg_info --egg-base ../../build/dof6arm build --build-base /home/unknownlegend/arm_ws/build/dof6arm/build install --record /home/unknownlegend/arm_ws/build/dof6arm/install.log --single-version-externally-managed install_data
[1.766s] running egg_info
[1.767s] creating ../../build/dof6arm/dof6arm.egg-info
[1.768s] writing ../../build/dof6arm/dof6arm.egg-info/PKG-INFO
[1.768s] writing dependency_links to ../../build/dof6arm/dof6arm.egg-info/dependency_links.txt
[1.768s] writing entry points to ../../build/dof6arm/dof6arm.egg-info/entry_points.txt
[1.768s] writing requirements to ../../build/dof6arm/dof6arm.egg-info/requires.txt
[1.769s] writing top-level names to ../../build/dof6arm/dof6arm.egg-info/top_level.txt
[1.769s] writing manifest file '../../build/dof6arm/dof6arm.egg-info/SOURCES.txt'
[1.769s] reading manifest file '../../build/dof6arm/dof6arm.egg-info/SOURCES.txt'
[1.770s] writing manifest file '../../build/dof6arm/dof6arm.egg-info/SOURCES.txt'
[1.770s] running build
[1.770s] running install
[1.771s] running install_data
[1.771s] creating /home/unknownlegend/arm_ws/install/dof6arm/share/ament_index
[1.771s] creating /home/unknownlegend/arm_ws/install/dof6arm/share/ament_index/resource_index
[1.771s] creating /home/unknownlegend/arm_ws/install/dof6arm/share/ament_index/resource_index/packages
[1.771s] copying resource/dof6arm -> /home/unknownlegend/arm_ws/install/dof6arm/share/ament_index/resource_index/packages
[1.771s] copying package.xml -> /home/unknownlegend/arm_ws/install/dof6arm/share/dof6arm
[1.771s] creating /home/unknownlegend/arm_ws/install/dof6arm/share/dof6arm/launch
[1.771s] copying launch/view.launch1.py -> /home/unknownlegend/arm_ws/install/dof6arm/share/dof6arm/launch
[1.772s] creating /home/unknownlegend/arm_ws/install/dof6arm/share/dof6arm/urdf
[1.772s] copying urdf/dof6arm.urdf -> /home/unknownlegend/arm_ws/install/dof6arm/share/dof6arm/urdf
[1.772s] copying urdf/backup.urdf -> /home/unknownlegend/arm_ws/install/dof6arm/share/dof6arm/urdf
[1.804s] copying urdf/dof6arm2.0.urdf -> /home/unknownlegend/arm_ws/install/dof6arm/share/dof6arm/urdf
[1.804s] copying urdf/dof6arm.SLDASM.csv -> /home/unknownlegend/arm_ws/install/dof6arm/share/dof6arm/urdf
[1.819s] creating /home/unknownlegend/arm_ws/install/dof6arm/share/dof6arm/rviz
[1.819s] copying rviz/default.rviz -> /home/unknownlegend/arm_ws/install/dof6arm/share/dof6arm/rviz
[1.834s] running install_egg_info
[1.840s] Copying ../../build/dof6arm/dof6arm.egg-info to /home/unknownlegend/arm_ws/install/dof6arm/lib/python3.10/site-packages/dof6arm-0.0.0-py3.10.egg-info
[1.842s] running install_scripts
[1.877s] writing list of installed files to '/home/unknownlegend/arm_ws/build/dof6arm/install.log'
[1.945s] Invoked command in '/home/unknownlegend/arm_ws/src/dof6arm' returned '0': PYTHONPATH=/home/unknownlegend/arm_ws/build/dof6arm/prefix_override:/usr/lib/python3/dist-packages/colcon_core/task/python/colcon_distutils_commands:/home/unknownlegend/arm_ws/install/dof6arm/lib/python3.10/site-packages:${PYTHONPATH} /usr/bin/python3 -W ignore:setup.py install is deprecated -W ignore:easy_install command is deprecated setup.py egg_info --egg-base ../../build/dof6arm build --build-base /home/unknownlegend/arm_ws/build/dof6arm/build install --record /home/unknownlegend/arm_ws/build/dof6arm/install.log --single-version-externally-managed install_data
