[1.272s] Invoking command in '/home/unknownlegend/arm_ws/src/arm_description': PYTHONPATH=/home/unknownlegend/arm_ws/build/arm_description/prefix_override:/usr/lib/python3/dist-packages/colcon_core/task/python/colcon_distutils_commands:/home/unknownlegend/arm_ws/install/arm_description/lib/python3.10/site-packages:${PYTHONPATH} /usr/bin/python3 -W ignore:setup.py install is deprecated -W ignore:easy_install command is deprecated setup.py egg_info --egg-base ../../build/arm_description build --build-base /home/unknownlegend/arm_ws/build/arm_description/build install --record /home/unknownlegend/arm_ws/build/arm_description/install.log --single-version-externally-managed install_data
[1.541s] running egg_info
[1.541s] creating ../../build/arm_description/arm_description.egg-info
[1.541s] writing ../../build/arm_description/arm_description.egg-info/PKG-INFO
[1.542s] writing dependency_links to ../../build/arm_description/arm_description.egg-info/dependency_links.txt
[1.542s] writing entry points to ../../build/arm_description/arm_description.egg-info/entry_points.txt
[1.542s] writing requirements to ../../build/arm_description/arm_description.egg-info/requires.txt
[1.542s] writing top-level names to ../../build/arm_description/arm_description.egg-info/top_level.txt
[1.542s] writing manifest file '../../build/arm_description/arm_description.egg-info/SOURCES.txt'
[1.543s] reading manifest file '../../build/arm_description/arm_description.egg-info/SOURCES.txt'
[1.543s] adding license file 'LICENSE'
[1.543s] writing manifest file '../../build/arm_description/arm_description.egg-info/SOURCES.txt'
[1.543s] running build
[1.543s] running install
[1.544s] running install_data
[1.544s] creating /home/unknownlegend/arm_ws/install/arm_description/share/ament_index
[1.544s] creating /home/unknownlegend/arm_ws/install/arm_description/share/ament_index/resource_index
[1.544s] creating /home/unknownlegend/arm_ws/install/arm_description/share/ament_index/resource_index/packages
[1.544s] copying resource/arm_description -> /home/unknownlegend/arm_ws/install/arm_description/share/ament_index/resource_index/packages
[1.544s] copying package.xml -> /home/unknownlegend/arm_ws/install/arm_description/share/arm_description
[1.544s] creating /home/unknownlegend/arm_ws/install/arm_description/share/arm_description/urdf
[1.544s] creating /home/unknownlegend/arm_ws/install/arm_description/share/arm_description/rviz
[1.544s] creating /home/unknownlegend/arm_ws/install/arm_description/share/arm_description/meshes
[1.544s] creating /home/unknownlegend/arm_ws/install/arm_description/share/arm_description/meshes/collision
[1.545s] creating /home/unknownlegend/arm_ws/install/arm_description/share/arm_description/meshes/visual
[1.545s] running install_egg_info
[1.547s] Copying ../../build/arm_description/arm_description.egg-info to /home/unknownlegend/arm_ws/install/arm_description/lib/python3.10/site-packages/arm_description-0.0.0-py3.10.egg-info
[1.548s] running install_scripts
[1.567s] writing list of installed files to '/home/unknownlegend/arm_ws/build/arm_description/install.log'
