[0.894s] Invoking command in '/home/unknownlegend/arm_ws/src/dof6arm': PYTHONPATH=/home/unknownlegend/arm_ws/build/dof6arm/prefix_override:/usr/lib/python3/dist-packages/colcon_core/task/python/colcon_distutils_commands:/home/unknownlegend/arm_ws/install/dof6arm/lib/python3.10/site-packages:${PYTHONPATH} /usr/bin/python3 -W ignore:setup.py install is deprecated -W ignore:easy_install command is deprecated setup.py egg_info --egg-base ../../build/dof6arm build --build-base /home/unknownlegend/arm_ws/build/dof6arm/build install --record /home/unknownlegend/arm_ws/build/dof6arm/install.log --single-version-externally-managed install_data
[1.143s] running egg_info
[1.143s] writing ../../build/dof6arm/dof6arm.egg-info/PKG-INFO
[1.143s] writing dependency_links to ../../build/dof6arm/dof6arm.egg-info/dependency_links.txt
[1.143s] writing entry points to ../../build/dof6arm/dof6arm.egg-info/entry_points.txt
[1.144s] writing requirements to ../../build/dof6arm/dof6arm.egg-info/requires.txt
[1.144s] writing top-level names to ../../build/dof6arm/dof6arm.egg-info/top_level.txt
[1.144s] reading manifest file '../../build/dof6arm/dof6arm.egg-info/SOURCES.txt'
[1.145s] writing manifest file '../../build/dof6arm/dof6arm.egg-info/SOURCES.txt'
[1.145s] running build
[1.145s] running install
[1.145s] running install_data
[1.146s] copying resource/dof6arm -> /home/unknownlegend/arm_ws/install/dof6arm/share/ament_index/resource_index/packages
[1.146s] copying package.xml -> /home/unknownlegend/arm_ws/install/dof6arm/share/dof6arm
[1.146s] creating /home/unknownlegend/arm_ws/install/dof6arm/share/dof6arm/urdf
[1.146s] copying urdf/dof6arm.urdf -> /home/unknownlegend/arm_ws/install/dof6arm/share/dof6arm/urdf/
[1.146s] copying urdf/dof6arm.SLDASM.csv -> /home/unknownlegend/arm_ws/install/dof6arm/share/dof6arm/urdf/
[1.146s] creating /home/unknownlegend/arm_ws/install/dof6arm/share/dof6arm/rviz
[1.147s] copying rviz/default.rviz -> /home/unknownlegend/arm_ws/install/dof6arm/share/dof6arm/rviz/
[1.147s] creating /home/unknownlegend/arm_ws/install/dof6arm/share/dof6arm/meshes
[1.147s] creating /home/unknownlegend/arm_ws/install/dof6arm/share/dof6arm/meshes/collision
[1.147s] creating /home/unknownlegend/arm_ws/install/dof6arm/share/dof6arm/meshes/visual
[1.147s] running install_egg_info
[1.148s] Copying ../../build/dof6arm/dof6arm.egg-info to /home/unknownlegend/arm_ws/install/dof6arm/lib/python3.10/site-packages/dof6arm-0.0.0-py3.10.egg-info
[1.149s] running install_scripts
[1.168s] writing list of installed files to '/home/unknownlegend/arm_ws/build/dof6arm/install.log'
[1.196s] Invoked command in '/home/unknownlegend/arm_ws/src/dof6arm' returned '0': PYTHONPATH=/home/unknownlegend/arm_ws/build/dof6arm/prefix_override:/usr/lib/python3/dist-packages/colcon_core/task/python/colcon_distutils_commands:/home/unknownlegend/arm_ws/install/dof6arm/lib/python3.10/site-packages:${PYTHONPATH} /usr/bin/python3 -W ignore:setup.py install is deprecated -W ignore:easy_install command is deprecated setup.py egg_info --egg-base ../../build/dof6arm build --build-base /home/unknownlegend/arm_ws/build/dof6arm/build install --record /home/unknownlegend/arm_ws/build/dof6arm/install.log --single-version-externally-managed install_data
