[1.524s] Invoking command in '/home/unknownlegend/arm_ws/src/arm_kinematics': PYTHONPATH=/home/unknownlegend/arm_ws/build/arm_kinematics/prefix_override:/usr/lib/python3/dist-packages/colcon_core/task/python/colcon_distutils_commands:/home/unknownlegend/arm_ws/install/arm_kinematics/lib/python3.10/site-packages:${PYTHONPATH} /usr/bin/python3 -W ignore:setup.py install is deprecated -W ignore:easy_install command is deprecated setup.py egg_info --egg-base ../../build/arm_kinematics build --build-base /home/unknownlegend/arm_ws/build/arm_kinematics/build install --record /home/unknownlegend/arm_ws/build/arm_kinematics/install.log --single-version-externally-managed install_data
[1.864s] running egg_info
[1.865s] writing ../../build/arm_kinematics/arm_kinematics.egg-info/PKG-INFO
[1.878s] writing dependency_links to ../../build/arm_kinematics/arm_kinematics.egg-info/dependency_links.txt
[1.885s] writing entry points to ../../build/arm_kinematics/arm_kinematics.egg-info/entry_points.txt
[1.906s] writing requirements to ../../build/arm_kinematics/arm_kinematics.egg-info/requires.txt
[1.926s] writing top-level names to ../../build/arm_kinematics/arm_kinematics.egg-info/top_level.txt
[1.931s] reading manifest file '../../build/arm_kinematics/arm_kinematics.egg-info/SOURCES.txt'
[1.933s] writing manifest file '../../build/arm_kinematics/arm_kinematics.egg-info/SOURCES.txt'
[1.964s] running build
[1.965s] running build_py
[1.965s] running install
[1.966s] running install_lib
[1.968s] running install_data
[1.969s] running install_egg_info
[1.971s] removing '/home/unknownlegend/arm_ws/install/arm_kinematics/lib/python3.10/site-packages/arm_kinematics-0.0.0-py3.10.egg-info' (and everything under it)
[1.971s] Copying ../../build/arm_kinematics/arm_kinematics.egg-info to /home/unknownlegend/arm_ws/install/arm_kinematics/lib/python3.10/site-packages/arm_kinematics-0.0.0-py3.10.egg-info
[1.972s] running install_scripts
[2.002s] Installing fk_node script to /home/unknownlegend/arm_ws/install/arm_kinematics/lib/arm_kinematics
[2.003s] Installing ik_node script to /home/unknownlegend/arm_ws/install/arm_kinematics/lib/arm_kinematics
[2.003s] writing list of installed files to '/home/unknownlegend/arm_ws/build/arm_kinematics/install.log'
[2.034s] Invoked command in '/home/unknownlegend/arm_ws/src/arm_kinematics' returned '0': PYTHONPATH=/home/unknownlegend/arm_ws/build/arm_kinematics/prefix_override:/usr/lib/python3/dist-packages/colcon_core/task/python/colcon_distutils_commands:/home/unknownlegend/arm_ws/install/arm_kinematics/lib/python3.10/site-packages:${PYTHONPATH} /usr/bin/python3 -W ignore:setup.py install is deprecated -W ignore:easy_install command is deprecated setup.py egg_info --egg-base ../../build/arm_kinematics build --build-base /home/unknownlegend/arm_ws/build/arm_kinematics/build install --record /home/unknownlegend/arm_ws/build/arm_kinematics/install.log --single-version-externally-managed install_data
