[0.102s] DEBUG:colcon:Command line arguments: ['/usr/bin/colcon', 'build']
[0.102s] DEBUG:colcon:Parsed command line arguments: Namespace(log_base=None, log_level=None, verb_name='build', build_base='build', install_base='install', merge_install=False, symlink_install=False, test_result_base=None, continue_on_error=False, executor='parallel', parallel_workers=8, event_handlers=None, ignore_user_meta=False, metas=['./colcon.meta'], base_paths=['.'], packages_ignore=None, packages_ignore_regex=None, paths=None, packages_up_to=None, packages_up_to_regex=None, packages_above=None, packages_above_and_dependencies=None, packages_above_depth=None, packages_select_by_dep=None, packages_skip_by_dep=None, packages_skip_up_to=None, packages_select_build_failed=False, packages_skip_build_finished=False, packages_select_test_failures=False, packages_skip_test_passed=False, packages_select=None, packages_skip=None, packages_select_regex=None, packages_skip_regex=None, packages_start=None, packages_end=None, allow_overriding=[], cmake_args=None, cmake_target=None, cmake_target_skip_unavailable=False, cmake_clean_cache=False, cmake_clean_first=False, cmake_force_configure=False, ament_cmake_args=None, catkin_cmake_args=None, catkin_skip_building_tests=False, verb_parser=<colcon_defaults.argument_parser.defaults.DefaultArgumentsDecorator object at 0x7b2527b62110>, verb_extension=<colcon_core.verb.build.BuildVerb object at 0x7b2527b61c00>, main=<bound method BuildVerb.main of <colcon_core.verb.build.BuildVerb object at 0x7b2527b61c00>>)
[0.271s] Level 1:colcon.colcon_core.package_discovery:discover_packages(colcon_meta) check parameters
[0.272s] Level 1:colcon.colcon_core.package_discovery:discover_packages(recursive) check parameters
[0.272s] Level 1:colcon.colcon_core.package_discovery:discover_packages(ignore) check parameters
[0.272s] Level 1:colcon.colcon_core.package_discovery:discover_packages(path) check parameters
[0.272s] Level 1:colcon.colcon_core.package_discovery:discover_packages(colcon_meta) discover
[0.272s] Level 1:colcon.colcon_core.package_discovery:discover_packages(recursive) discover
[0.272s] INFO:colcon.colcon_core.package_discovery:Crawling recursively for packages in '/home/unknownlegend/arm_ws'
[0.272s] Level 1:colcon.colcon_core.package_identification:_identify(.) by extensions ['ignore', 'ignore_ament_install']
[0.272s] Level 1:colcon.colcon_core.package_identification:_identify(.) by extension 'ignore'
[0.272s] Level 1:colcon.colcon_core.package_identification:_identify(.) by extension 'ignore_ament_install'
[0.272s] Level 1:colcon.colcon_core.package_identification:_identify(.) by extensions ['colcon_pkg']
[0.272s] Level 1:colcon.colcon_core.package_identification:_identify(.) by extension 'colcon_pkg'
[0.272s] Level 1:colcon.colcon_core.package_identification:_identify(.) by extensions ['colcon_meta']
[0.272s] Level 1:colcon.colcon_core.package_identification:_identify(.) by extension 'colcon_meta'
[0.272s] Level 1:colcon.colcon_core.package_identification:_identify(.) by extensions ['ros']
[0.272s] Level 1:colcon.colcon_core.package_identification:_identify(.) by extension 'ros'
[0.282s] Level 1:colcon.colcon_core.package_identification:_identify(.) by extensions ['cmake', 'python']
[0.282s] Level 1:colcon.colcon_core.package_identification:_identify(.) by extension 'cmake'
[0.282s] Level 1:colcon.colcon_core.package_identification:_identify(.) by extension 'python'
[0.282s] Level 1:colcon.colcon_core.package_identification:_identify(.) by extensions ['python_setup_py']
[0.282s] Level 1:colcon.colcon_core.package_identification:_identify(.) by extension 'python_setup_py'
[0.283s] Level 1:colcon.colcon_core.package_identification:_identify(build) by extensions ['ignore', 'ignore_ament_install']
[0.283s] Level 1:colcon.colcon_core.package_identification:_identify(build) by extension 'ignore'
[0.283s] Level 1:colcon.colcon_core.package_identification:_identify(build) ignored
[0.283s] Level 1:colcon.colcon_core.package_identification:_identify(install) by extensions ['ignore', 'ignore_ament_install']
[0.283s] Level 1:colcon.colcon_core.package_identification:_identify(install) by extension 'ignore'
[0.283s] Level 1:colcon.colcon_core.package_identification:_identify(install) ignored
[0.283s] Level 1:colcon.colcon_core.package_identification:_identify(log) by extensions ['ignore', 'ignore_ament_install']
[0.283s] Level 1:colcon.colcon_core.package_identification:_identify(log) by extension 'ignore'
[0.283s] Level 1:colcon.colcon_core.package_identification:_identify(log) ignored
[0.284s] Level 1:colcon.colcon_core.package_identification:_identify(src) by extensions ['ignore', 'ignore_ament_install']
[0.284s] Level 1:colcon.colcon_core.package_identification:_identify(src) by extension 'ignore'
[0.284s] Level 1:colcon.colcon_core.package_identification:_identify(src) by extension 'ignore_ament_install'
[0.284s] Level 1:colcon.colcon_core.package_identification:_identify(src) by extensions ['colcon_pkg']
[0.284s] Level 1:colcon.colcon_core.package_identification:_identify(src) by extension 'colcon_pkg'
[0.284s] Level 1:colcon.colcon_core.package_identification:_identify(src) by extensions ['colcon_meta']
[0.284s] Level 1:colcon.colcon_core.package_identification:_identify(src) by extension 'colcon_meta'
[0.284s] Level 1:colcon.colcon_core.package_identification:_identify(src) by extensions ['ros']
[0.284s] Level 1:colcon.colcon_core.package_identification:_identify(src) by extension 'ros'
[0.284s] Level 1:colcon.colcon_core.package_identification:_identify(src) by extensions ['cmake', 'python']
[0.284s] Level 1:colcon.colcon_core.package_identification:_identify(src) by extension 'cmake'
[0.284s] Level 1:colcon.colcon_core.package_identification:_identify(src) by extension 'python'
[0.284s] Level 1:colcon.colcon_core.package_identification:_identify(src) by extensions ['python_setup_py']
[0.284s] Level 1:colcon.colcon_core.package_identification:_identify(src) by extension 'python_setup_py'
[0.285s] Level 1:colcon.colcon_core.package_identification:_identify(src/arm_description) by extensions ['ignore', 'ignore_ament_install']
[0.285s] Level 1:colcon.colcon_core.package_identification:_identify(src/arm_description) by extension 'ignore'
[0.285s] Level 1:colcon.colcon_core.package_identification:_identify(src/arm_description) by extension 'ignore_ament_install'
[0.285s] Level 1:colcon.colcon_core.package_identification:_identify(src/arm_description) by extensions ['colcon_pkg']
[0.285s] Level 1:colcon.colcon_core.package_identification:_identify(src/arm_description) by extension 'colcon_pkg'
[0.285s] Level 1:colcon.colcon_core.package_identification:_identify(src/arm_description) by extensions ['colcon_meta']
[0.285s] Level 1:colcon.colcon_core.package_identification:_identify(src/arm_description) by extension 'colcon_meta'
[0.285s] Level 1:colcon.colcon_core.package_identification:_identify(src/arm_description) by extensions ['ros']
[0.285s] Level 1:colcon.colcon_core.package_identification:_identify(src/arm_description) by extension 'ros'
[0.288s] DEBUG:colcon.colcon_core.package_identification:Package 'src/arm_description' with type 'ros.ament_python' and name 'arm_description'
[0.288s] Level 1:colcon.colcon_core.package_identification:_identify(src/arm_kinematics) by extensions ['ignore', 'ignore_ament_install']
[0.288s] Level 1:colcon.colcon_core.package_identification:_identify(src/arm_kinematics) by extension 'ignore'
[0.288s] Level 1:colcon.colcon_core.package_identification:_identify(src/arm_kinematics) by extension 'ignore_ament_install'
[0.288s] Level 1:colcon.colcon_core.package_identification:_identify(src/arm_kinematics) by extensions ['colcon_pkg']
[0.288s] Level 1:colcon.colcon_core.package_identification:_identify(src/arm_kinematics) by extension 'colcon_pkg'
[0.288s] Level 1:colcon.colcon_core.package_identification:_identify(src/arm_kinematics) by extensions ['colcon_meta']
[0.288s] Level 1:colcon.colcon_core.package_identification:_identify(src/arm_kinematics) by extension 'colcon_meta'
[0.288s] Level 1:colcon.colcon_core.package_identification:_identify(src/arm_kinematics) by extensions ['ros']
[0.288s] Level 1:colcon.colcon_core.package_identification:_identify(src/arm_kinematics) by extension 'ros'
[0.289s] DEBUG:colcon.colcon_core.package_identification:Package 'src/arm_kinematics' with type 'ros.ament_python' and name 'arm_kinematics'
[0.289s] Level 1:colcon.colcon_core.package_identification:_identify(src/dof6arm) by extensions ['ignore', 'ignore_ament_install']
[0.289s] Level 1:colcon.colcon_core.package_identification:_identify(src/dof6arm) by extension 'ignore'
[0.289s] Level 1:colcon.colcon_core.package_identification:_identify(src/dof6arm) by extension 'ignore_ament_install'
[0.290s] Level 1:colcon.colcon_core.package_identification:_identify(src/dof6arm) by extensions ['colcon_pkg']
[0.290s] Level 1:colcon.colcon_core.package_identification:_identify(src/dof6arm) by extension 'colcon_pkg'
[0.290s] Level 1:colcon.colcon_core.package_identification:_identify(src/dof6arm) by extensions ['colcon_meta']
[0.290s] Level 1:colcon.colcon_core.package_identification:_identify(src/dof6arm) by extension 'colcon_meta'
[0.290s] Level 1:colcon.colcon_core.package_identification:_identify(src/dof6arm) by extensions ['ros']
[0.290s] Level 1:colcon.colcon_core.package_identification:_identify(src/dof6arm) by extension 'ros'
[0.291s] DEBUG:colcon.colcon_core.package_identification:Package 'src/dof6arm' with type 'ros.ament_python' and name 'dof6arm'
[0.291s] Level 1:colcon.colcon_core.package_identification:_identify(src/robot_web) by extensions ['ignore', 'ignore_ament_install']
[0.291s] Level 1:colcon.colcon_core.package_identification:_identify(src/robot_web) by extension 'ignore'
[0.291s] Level 1:colcon.colcon_core.package_identification:_identify(src/robot_web) by extension 'ignore_ament_install'
[0.291s] Level 1:colcon.colcon_core.package_identification:_identify(src/robot_web) by extensions ['colcon_pkg']
[0.291s] Level 1:colcon.colcon_core.package_identification:_identify(src/robot_web) by extension 'colcon_pkg'
[0.291s] Level 1:colcon.colcon_core.package_identification:_identify(src/robot_web) by extensions ['colcon_meta']
[0.291s] Level 1:colcon.colcon_core.package_identification:_identify(src/robot_web) by extension 'colcon_meta'
[0.291s] Level 1:colcon.colcon_core.package_identification:_identify(src/robot_web) by extensions ['ros']
[0.291s] Level 1:colcon.colcon_core.package_identification:_identify(src/robot_web) by extension 'ros'
[0.292s] Level 1:colcon.colcon_core.package_identification:_identify(src/robot_web) by extensions ['cmake', 'python']
[0.292s] Level 1:colcon.colcon_core.package_identification:_identify(src/robot_web) by extension 'cmake'
[0.292s] Level 1:colcon.colcon_core.package_identification:_identify(src/robot_web) by extension 'python'
[0.292s] Level 1:colcon.colcon_core.package_identification:_identify(src/robot_web) by extensions ['python_setup_py']
[0.292s] Level 1:colcon.colcon_core.package_identification:_identify(src/robot_web) by extension 'python_setup_py'
[0.292s] Level 1:colcon.colcon_core.package_discovery:discover_packages(recursive) using defaults
[0.292s] Level 1:colcon.colcon_core.package_discovery:discover_packages(ignore) discover
[0.292s] Level 1:colcon.colcon_core.package_discovery:discover_packages(ignore) using defaults
[0.292s] Level 1:colcon.colcon_core.package_discovery:discover_packages(path) discover
[0.292s] Level 1:colcon.colcon_core.package_discovery:discover_packages(path) using defaults
[0.320s] Level 1:colcon.colcon_core.package_discovery:discover_packages(prefix_path) check parameters
[0.320s] Level 1:colcon.colcon_core.package_discovery:discover_packages(prefix_path) discover
[0.322s] DEBUG:colcon.colcon_installed_package_information.package_discovery:Found 3 installed packages in /home/unknownlegend/arm_ws/install
[0.323s] DEBUG:colcon.colcon_installed_package_information.package_discovery:Found 21 installed packages in /home/unknownlegend/ros2_ws/install
[0.325s] DEBUG:colcon.colcon_installed_package_information.package_discovery:Found 384 installed packages in /opt/ros/humble
[0.327s] Level 1:colcon.colcon_core.package_discovery:discover_packages(prefix_path) using defaults
[0.373s] Level 5:colcon.colcon_core.verb:set package 'arm_description' build argument 'cmake_args' from command line to 'None'
[0.374s] Level 5:colcon.colcon_core.verb:set package 'arm_description' build argument 'cmake_target' from command line to 'None'
[0.374s] Level 5:colcon.colcon_core.verb:set package 'arm_description' build argument 'cmake_target_skip_unavailable' from command line to 'False'
[0.374s] Level 5:colcon.colcon_core.verb:set package 'arm_description' build argument 'cmake_clean_cache' from command line to 'False'
[0.374s] Level 5:colcon.colcon_core.verb:set package 'arm_description' build argument 'cmake_clean_first' from command line to 'False'
[0.374s] Level 5:colcon.colcon_core.verb:set package 'arm_description' build argument 'cmake_force_configure' from command line to 'False'
[0.374s] Level 5:colcon.colcon_core.verb:set package 'arm_description' build argument 'ament_cmake_args' from command line to 'None'
[0.374s] Level 5:colcon.colcon_core.verb:set package 'arm_description' build argument 'catkin_cmake_args' from command line to 'None'
[0.374s] Level 5:colcon.colcon_core.verb:set package 'arm_description' build argument 'catkin_skip_building_tests' from command line to 'False'
[0.374s] DEBUG:colcon.colcon_core.verb:Building package 'arm_description' with the following arguments: {'ament_cmake_args': None, 'build_base': '/home/unknownlegend/arm_ws/build/arm_description', 'catkin_cmake_args': None, 'catkin_skip_building_tests': False, 'cmake_args': None, 'cmake_clean_cache': False, 'cmake_clean_first': False, 'cmake_force_configure': False, 'cmake_target': None, 'cmake_target_skip_unavailable': False, 'install_base': '/home/unknownlegend/arm_ws/install/arm_description', 'merge_install': False, 'path': '/home/unknownlegend/arm_ws/src/arm_description', 'symlink_install': False, 'test_result_base': None}
[0.374s] Level 5:colcon.colcon_core.verb:set package 'arm_kinematics' build argument 'cmake_args' from command line to 'None'
[0.374s] Level 5:colcon.colcon_core.verb:set package 'arm_kinematics' build argument 'cmake_target' from command line to 'None'
[0.374s] Level 5:colcon.colcon_core.verb:set package 'arm_kinematics' build argument 'cmake_target_skip_unavailable' from command line to 'False'
[0.374s] Level 5:colcon.colcon_core.verb:set package 'arm_kinematics' build argument 'cmake_clean_cache' from command line to 'False'
[0.374s] Level 5:colcon.colcon_core.verb:set package 'arm_kinematics' build argument 'cmake_clean_first' from command line to 'False'
[0.374s] Level 5:colcon.colcon_core.verb:set package 'arm_kinematics' build argument 'cmake_force_configure' from command line to 'False'
[0.374s] Level 5:colcon.colcon_core.verb:set package 'arm_kinematics' build argument 'ament_cmake_args' from command line to 'None'
[0.375s] Level 5:colcon.colcon_core.verb:set package 'arm_kinematics' build argument 'catkin_cmake_args' from command line to 'None'
[0.375s] Level 5:colcon.colcon_core.verb:set package 'arm_kinematics' build argument 'catkin_skip_building_tests' from command line to 'False'
[0.375s] DEBUG:colcon.colcon_core.verb:Building package 'arm_kinematics' with the following arguments: {'ament_cmake_args': None, 'build_base': '/home/unknownlegend/arm_ws/build/arm_kinematics', 'catkin_cmake_args': None, 'catkin_skip_building_tests': False, 'cmake_args': None, 'cmake_clean_cache': False, 'cmake_clean_first': False, 'cmake_force_configure': False, 'cmake_target': None, 'cmake_target_skip_unavailable': False, 'install_base': '/home/unknownlegend/arm_ws/install/arm_kinematics', 'merge_install': False, 'path': '/home/unknownlegend/arm_ws/src/arm_kinematics', 'symlink_install': False, 'test_result_base': None}
[0.375s] Level 5:colcon.colcon_core.verb:set package 'dof6arm' build argument 'cmake_args' from command line to 'None'
[0.375s] Level 5:colcon.colcon_core.verb:set package 'dof6arm' build argument 'cmake_target' from command line to 'None'
[0.375s] Level 5:colcon.colcon_core.verb:set package 'dof6arm' build argument 'cmake_target_skip_unavailable' from command line to 'False'
[0.375s] Level 5:colcon.colcon_core.verb:set package 'dof6arm' build argument 'cmake_clean_cache' from command line to 'False'
[0.375s] Level 5:colcon.colcon_core.verb:set package 'dof6arm' build argument 'cmake_clean_first' from command line to 'False'
[0.375s] Level 5:colcon.colcon_core.verb:set package 'dof6arm' build argument 'cmake_force_configure' from command line to 'False'
[0.375s] Level 5:colcon.colcon_core.verb:set package 'dof6arm' build argument 'ament_cmake_args' from command line to 'None'
[0.375s] Level 5:colcon.colcon_core.verb:set package 'dof6arm' build argument 'catkin_cmake_args' from command line to 'None'
[0.375s] Level 5:colcon.colcon_core.verb:set package 'dof6arm' build argument 'catkin_skip_building_tests' from command line to 'False'
[0.375s] DEBUG:colcon.colcon_core.verb:Building package 'dof6arm' with the following arguments: {'ament_cmake_args': None, 'build_base': '/home/unknownlegend/arm_ws/build/dof6arm', 'catkin_cmake_args': None, 'catkin_skip_building_tests': False, 'cmake_args': None, 'cmake_clean_cache': False, 'cmake_clean_first': False, 'cmake_force_configure': False, 'cmake_target': None, 'cmake_target_skip_unavailable': False, 'install_base': '/home/unknownlegend/arm_ws/install/dof6arm', 'merge_install': False, 'path': '/home/unknownlegend/arm_ws/src/dof6arm', 'symlink_install': False, 'test_result_base': None}
[0.376s] INFO:colcon.colcon_core.executor:Executing jobs using 'parallel' executor
[0.376s] DEBUG:colcon.colcon_parallel_executor.executor.parallel:run_until_complete
[0.377s] INFO:colcon.colcon_ros.task.ament_python.build:Building ROS package in '/home/unknownlegend/arm_ws/src/arm_description' with build type 'ament_python'
[0.377s] Level 1:colcon.colcon_core.shell:create_environment_hook('arm_description', 'ament_prefix_path')
[0.379s] INFO:colcon.colcon_core.plugin_system:Skipping extension 'colcon_core.shell.bat': Not used on non-Windows systems
[0.379s] INFO:colcon.colcon_core.shell:Creating environment hook '/home/unknownlegend/arm_ws/install/arm_description/share/arm_description/hook/ament_prefix_path.ps1'
[0.380s] INFO:colcon.colcon_core.shell:Creating environment descriptor '/home/unknownlegend/arm_ws/install/arm_description/share/arm_description/hook/ament_prefix_path.dsv'
[0.380s] INFO:colcon.colcon_core.shell:Creating environment hook '/home/unknownlegend/arm_ws/install/arm_description/share/arm_description/hook/ament_prefix_path.sh'
[0.381s] INFO:colcon.colcon_core.shell:Skip shell extension 'powershell' for command environment: Not usable outside of PowerShell
[0.381s] DEBUG:colcon.colcon_core.shell:Skip shell extension 'dsv' for command environment
[0.386s] INFO:colcon.colcon_ros.task.ament_python.build:Building ROS package in '/home/unknownlegend/arm_ws/src/arm_kinematics' with build type 'ament_python'
[0.386s] Level 1:colcon.colcon_core.shell:create_environment_hook('arm_kinematics', 'ament_prefix_path')
[0.386s] INFO:colcon.colcon_core.shell:Creating environment hook '/home/unknownlegend/arm_ws/install/arm_kinematics/share/arm_kinematics/hook/ament_prefix_path.ps1'
[0.386s] INFO:colcon.colcon_core.shell:Creating environment descriptor '/home/unknownlegend/arm_ws/install/arm_kinematics/share/arm_kinematics/hook/ament_prefix_path.dsv'
[0.387s] INFO:colcon.colcon_core.shell:Creating environment hook '/home/unknownlegend/arm_ws/install/arm_kinematics/share/arm_kinematics/hook/ament_prefix_path.sh'
[0.387s] INFO:colcon.colcon_core.shell:Skip shell extension 'powershell' for command environment: Not usable outside of PowerShell
[0.388s] DEBUG:colcon.colcon_core.shell:Skip shell extension 'dsv' for command environment
[0.392s] INFO:colcon.colcon_ros.task.ament_python.build:Building ROS package in '/home/unknownlegend/arm_ws/src/dof6arm' with build type 'ament_python'
[0.392s] Level 1:colcon.colcon_core.shell:create_environment_hook('dof6arm', 'ament_prefix_path')
[0.393s] INFO:colcon.colcon_core.shell:Creating environment hook '/home/unknownlegend/arm_ws/install/dof6arm/share/dof6arm/hook/ament_prefix_path.ps1'
[0.393s] INFO:colcon.colcon_core.shell:Creating environment descriptor '/home/unknownlegend/arm_ws/install/dof6arm/share/dof6arm/hook/ament_prefix_path.dsv'
[0.393s] INFO:colcon.colcon_core.shell:Creating environment hook '/home/unknownlegend/arm_ws/install/dof6arm/share/dof6arm/hook/ament_prefix_path.sh'
[0.394s] INFO:colcon.colcon_core.shell:Skip shell extension 'powershell' for command environment: Not usable outside of PowerShell
[0.394s] DEBUG:colcon.colcon_core.shell:Skip shell extension 'dsv' for command environment
[0.669s] INFO:colcon.colcon_core.task.python.build:Building Python package in '/home/unknownlegend/arm_ws/src/arm_description'
[0.670s] INFO:colcon.colcon_core.shell:Skip shell extension 'powershell' for command environment: Not usable outside of PowerShell
[0.670s] DEBUG:colcon.colcon_core.shell:Skip shell extension 'dsv' for command environment
[0.945s] INFO:colcon.colcon_core.task.python.build:Building Python package in '/home/unknownlegend/arm_ws/src/arm_kinematics'
[0.946s] INFO:colcon.colcon_core.shell:Skip shell extension 'powershell' for command environment: Not usable outside of PowerShell
[0.946s] DEBUG:colcon.colcon_core.shell:Skip shell extension 'dsv' for command environment
[1.225s] INFO:colcon.colcon_core.task.python.build:Building Python package in '/home/unknownlegend/arm_ws/src/dof6arm'
[1.226s] INFO:colcon.colcon_core.shell:Skip shell extension 'powershell' for command environment: Not usable outside of PowerShell
[1.226s] DEBUG:colcon.colcon_core.shell:Skip shell extension 'dsv' for command environment
[1.677s] DEBUG:colcon.colcon_core.event_handler.log_command:Invoking command in '/home/unknownlegend/arm_ws/src/dof6arm': PYTHONPATH=/home/unknownlegend/arm_ws/build/dof6arm/prefix_override:/usr/lib/python3/dist-packages/colcon_core/task/python/colcon_distutils_commands:/home/unknownlegend/arm_ws/install/dof6arm/lib/python3.10/site-packages:${PYTHONPATH} /usr/bin/python3 -W ignore:setup.py install is deprecated -W ignore:easy_install command is deprecated setup.py egg_info --egg-base ../../build/dof6arm build --build-base /home/unknownlegend/arm_ws/build/dof6arm/build install --record /home/unknownlegend/arm_ws/build/dof6arm/install.log --single-version-externally-managed install_data
[1.698s] DEBUG:colcon.colcon_core.event_handler.log_command:Invoking command in '/home/unknownlegend/arm_ws/src/arm_kinematics': PYTHONPATH=/home/unknownlegend/arm_ws/build/arm_kinematics/prefix_override:/usr/lib/python3/dist-packages/colcon_core/task/python/colcon_distutils_commands:/home/unknownlegend/arm_ws/install/arm_kinematics/lib/python3.10/site-packages:${PYTHONPATH} /usr/bin/python3 -W ignore:setup.py install is deprecated -W ignore:easy_install command is deprecated setup.py egg_info --egg-base ../../build/arm_kinematics build --build-base /home/unknownlegend/arm_ws/build/arm_kinematics/build install --record /home/unknownlegend/arm_ws/build/arm_kinematics/install.log --single-version-externally-managed install_data
[1.706s] DEBUG:colcon.colcon_core.event_handler.log_command:Invoking command in '/home/unknownlegend/arm_ws/src/arm_description': PYTHONPATH=/home/unknownlegend/arm_ws/build/arm_description/prefix_override:/usr/lib/python3/dist-packages/colcon_core/task/python/colcon_distutils_commands:/home/unknownlegend/arm_ws/install/arm_description/lib/python3.10/site-packages:${PYTHONPATH} /usr/bin/python3 -W ignore:setup.py install is deprecated -W ignore:easy_install command is deprecated setup.py egg_info --egg-base ../../build/arm_description build --build-base /home/unknownlegend/arm_ws/build/arm_description/build install --record /home/unknownlegend/arm_ws/build/arm_description/install.log --single-version-externally-managed install_data
[2.005s] DEBUG:colcon.colcon_core.event_handler.log_command:Invoked command in '/home/unknownlegend/arm_ws/src/dof6arm' returned '0': PYTHONPATH=/home/unknownlegend/arm_ws/build/dof6arm/prefix_override:/usr/lib/python3/dist-packages/colcon_core/task/python/colcon_distutils_commands:/home/unknownlegend/arm_ws/install/dof6arm/lib/python3.10/site-packages:${PYTHONPATH} /usr/bin/python3 -W ignore:setup.py install is deprecated -W ignore:easy_install command is deprecated setup.py egg_info --egg-base ../../build/dof6arm build --build-base /home/unknownlegend/arm_ws/build/dof6arm/build install --record /home/unknownlegend/arm_ws/build/dof6arm/install.log --single-version-externally-managed install_data
[2.009s] Level 1:colcon.colcon_core.environment:checking '/home/unknownlegend/arm_ws/install/dof6arm' for CMake module files
[2.010s] Level 1:colcon.colcon_core.environment:checking '/home/unknownlegend/arm_ws/install/dof6arm' for CMake config files
[2.011s] Level 1:colcon.colcon_core.environment:checking '/home/unknownlegend/arm_ws/install/dof6arm/lib'
[2.012s] Level 1:colcon.colcon_core.environment:checking '/home/unknownlegend/arm_ws/install/dof6arm/bin'
[2.012s] Level 1:colcon.colcon_core.environment:checking '/home/unknownlegend/arm_ws/install/dof6arm/lib/pkgconfig/dof6arm.pc'
[2.012s] Level 1:colcon.colcon_core.environment:checking '/home/unknownlegend/arm_ws/install/dof6arm/lib/python3.10/site-packages'
[2.012s] Level 1:colcon.colcon_core.shell:create_environment_hook('dof6arm', 'pythonpath')
[2.013s] INFO:colcon.colcon_core.shell:Creating environment hook '/home/unknownlegend/arm_ws/install/dof6arm/share/dof6arm/hook/pythonpath.ps1'
[2.014s] INFO:colcon.colcon_core.shell:Creating environment descriptor '/home/unknownlegend/arm_ws/install/dof6arm/share/dof6arm/hook/pythonpath.dsv'
[2.014s] INFO:colcon.colcon_core.shell:Creating environment hook '/home/unknownlegend/arm_ws/install/dof6arm/share/dof6arm/hook/pythonpath.sh'
[2.016s] Level 1:colcon.colcon_core.environment:checking '/home/unknownlegend/arm_ws/install/dof6arm/bin'
[2.016s] Level 1:colcon.colcon_core.environment:create_environment_scripts_only(dof6arm)
[2.016s] INFO:colcon.colcon_core.shell:Creating package script '/home/unknownlegend/arm_ws/install/dof6arm/share/dof6arm/package.ps1'
[2.018s] INFO:colcon.colcon_core.shell:Creating package descriptor '/home/unknownlegend/arm_ws/install/dof6arm/share/dof6arm/package.dsv'
[2.019s] INFO:colcon.colcon_core.shell:Creating package script '/home/unknownlegend/arm_ws/install/dof6arm/share/dof6arm/package.sh'
[2.020s] INFO:colcon.colcon_core.shell:Creating package script '/home/unknownlegend/arm_ws/install/dof6arm/share/dof6arm/package.bash'
[2.021s] INFO:colcon.colcon_core.shell:Creating package script '/home/unknownlegend/arm_ws/install/dof6arm/share/dof6arm/package.zsh'
[2.023s] Level 1:colcon.colcon_core.environment:create_file_with_runtime_dependencies(/home/unknownlegend/arm_ws/install/dof6arm/share/colcon-core/packages/dof6arm)
[2.039s] Level 1:colcon.colcon_core.environment:checking '/home/unknownlegend/arm_ws/install/arm_kinematics' for CMake module files
[2.040s] DEBUG:colcon.colcon_core.event_handler.log_command:Invoked command in '/home/unknownlegend/arm_ws/src/arm_kinematics' returned '0': PYTHONPATH=/home/unknownlegend/arm_ws/build/arm_kinematics/prefix_override:/usr/lib/python3/dist-packages/colcon_core/task/python/colcon_distutils_commands:/home/unknownlegend/arm_ws/install/arm_kinematics/lib/python3.10/site-packages:${PYTHONPATH} /usr/bin/python3 -W ignore:setup.py install is deprecated -W ignore:easy_install command is deprecated setup.py egg_info --egg-base ../../build/arm_kinematics build --build-base /home/unknownlegend/arm_ws/build/arm_kinematics/build install --record /home/unknownlegend/arm_ws/build/arm_kinematics/install.log --single-version-externally-managed install_data
[2.040s] Level 1:colcon.colcon_core.environment:checking '/home/unknownlegend/arm_ws/install/arm_kinematics' for CMake config files
[2.041s] Level 1:colcon.colcon_core.environment:checking '/home/unknownlegend/arm_ws/install/arm_kinematics/lib'
[2.041s] Level 1:colcon.colcon_core.environment:checking '/home/unknownlegend/arm_ws/install/arm_kinematics/bin'
[2.041s] Level 1:colcon.colcon_core.environment:checking '/home/unknownlegend/arm_ws/install/arm_kinematics/lib/pkgconfig/arm_kinematics.pc'
[2.042s] Level 1:colcon.colcon_core.environment:checking '/home/unknownlegend/arm_ws/install/arm_kinematics/lib/python3.10/site-packages'
[2.042s] Level 1:colcon.colcon_core.shell:create_environment_hook('arm_kinematics', 'pythonpath')
[2.042s] INFO:colcon.colcon_core.shell:Creating environment hook '/home/unknownlegend/arm_ws/install/arm_kinematics/share/arm_kinematics/hook/pythonpath.ps1'
[2.043s] INFO:colcon.colcon_core.shell:Creating environment descriptor '/home/unknownlegend/arm_ws/install/arm_kinematics/share/arm_kinematics/hook/pythonpath.dsv'
[2.043s] INFO:colcon.colcon_core.shell:Creating environment hook '/home/unknownlegend/arm_ws/install/arm_kinematics/share/arm_kinematics/hook/pythonpath.sh'
[2.044s] Level 1:colcon.colcon_core.environment:checking '/home/unknownlegend/arm_ws/install/arm_kinematics/bin'
[2.044s] Level 1:colcon.colcon_core.environment:create_environment_scripts_only(arm_kinematics)
[2.044s] INFO:colcon.colcon_core.shell:Creating package script '/home/unknownlegend/arm_ws/install/arm_kinematics/share/arm_kinematics/package.ps1'
[2.045s] INFO:colcon.colcon_core.shell:Creating package descriptor '/home/unknownlegend/arm_ws/install/arm_kinematics/share/arm_kinematics/package.dsv'
[2.045s] INFO:colcon.colcon_core.shell:Creating package script '/home/unknownlegend/arm_ws/install/arm_kinematics/share/arm_kinematics/package.sh'
[2.046s] INFO:colcon.colcon_core.shell:Creating package script '/home/unknownlegend/arm_ws/install/arm_kinematics/share/arm_kinematics/package.bash'
[2.046s] INFO:colcon.colcon_core.shell:Creating package script '/home/unknownlegend/arm_ws/install/arm_kinematics/share/arm_kinematics/package.zsh'
[2.046s] Level 1:colcon.colcon_core.environment:create_file_with_runtime_dependencies(/home/unknownlegend/arm_ws/install/arm_kinematics/share/colcon-core/packages/arm_kinematics)
[2.048s] Level 1:colcon.colcon_core.environment:checking '/home/unknownlegend/arm_ws/install/arm_description' for CMake module files
[2.048s] DEBUG:colcon.colcon_core.event_handler.log_command:Invoked command in '/home/unknownlegend/arm_ws/src/arm_description' returned '0': PYTHONPATH=/home/unknownlegend/arm_ws/build/arm_description/prefix_override:/usr/lib/python3/dist-packages/colcon_core/task/python/colcon_distutils_commands:/home/unknownlegend/arm_ws/install/arm_description/lib/python3.10/site-packages:${PYTHONPATH} /usr/bin/python3 -W ignore:setup.py install is deprecated -W ignore:easy_install command is deprecated setup.py egg_info --egg-base ../../build/arm_description build --build-base /home/unknownlegend/arm_ws/build/arm_description/build install --record /home/unknownlegend/arm_ws/build/arm_description/install.log --single-version-externally-managed install_data
[2.048s] Level 1:colcon.colcon_core.environment:checking '/home/unknownlegend/arm_ws/install/arm_description' for CMake config files
[2.049s] Level 1:colcon.colcon_core.environment:checking '/home/unknownlegend/arm_ws/install/arm_description/lib'
[2.049s] Level 1:colcon.colcon_core.environment:checking '/home/unknownlegend/arm_ws/install/arm_description/bin'
[2.049s] Level 1:colcon.colcon_core.environment:checking '/home/unknownlegend/arm_ws/install/arm_description/lib/pkgconfig/arm_description.pc'
[2.049s] Level 1:colcon.colcon_core.environment:checking '/home/unknownlegend/arm_ws/install/arm_description/lib/python3.10/site-packages'
[2.049s] Level 1:colcon.colcon_core.shell:create_environment_hook('arm_description', 'pythonpath')
[2.050s] INFO:colcon.colcon_core.shell:Creating environment hook '/home/unknownlegend/arm_ws/install/arm_description/share/arm_description/hook/pythonpath.ps1'
[2.050s] INFO:colcon.colcon_core.shell:Creating environment descriptor '/home/unknownlegend/arm_ws/install/arm_description/share/arm_description/hook/pythonpath.dsv'
[2.050s] INFO:colcon.colcon_core.shell:Creating environment hook '/home/unknownlegend/arm_ws/install/arm_description/share/arm_description/hook/pythonpath.sh'
[2.051s] Level 1:colcon.colcon_core.environment:checking '/home/unknownlegend/arm_ws/install/arm_description/bin'
[2.051s] Level 1:colcon.colcon_core.environment:create_environment_scripts_only(arm_description)
[2.051s] INFO:colcon.colcon_core.shell:Creating package script '/home/unknownlegend/arm_ws/install/arm_description/share/arm_description/package.ps1'
[2.052s] INFO:colcon.colcon_core.shell:Creating package descriptor '/home/unknownlegend/arm_ws/install/arm_description/share/arm_description/package.dsv'
[2.052s] INFO:colcon.colcon_core.shell:Creating package script '/home/unknownlegend/arm_ws/install/arm_description/share/arm_description/package.sh'
[2.053s] INFO:colcon.colcon_core.shell:Creating package script '/home/unknownlegend/arm_ws/install/arm_description/share/arm_description/package.bash'
[2.053s] INFO:colcon.colcon_core.shell:Creating package script '/home/unknownlegend/arm_ws/install/arm_description/share/arm_description/package.zsh'
[2.053s] Level 1:colcon.colcon_core.environment:create_file_with_runtime_dependencies(/home/unknownlegend/arm_ws/install/arm_description/share/colcon-core/packages/arm_description)
[2.054s] DEBUG:colcon.colcon_parallel_executor.executor.parallel:closing loop
[2.054s] DEBUG:colcon.colcon_parallel_executor.executor.parallel:loop closed
[2.054s] DEBUG:colcon.colcon_parallel_executor.executor.parallel:run_until_complete finished with '0'
[2.054s] DEBUG:colcon.colcon_core.event_reactor:joining thread
[2.059s] INFO:colcon.colcon_core.plugin_system:Skipping extension 'colcon_notification.desktop_notification.terminal_notifier': Not used on non-Darwin systems
[2.059s] INFO:colcon.colcon_core.plugin_system:Skipping extension 'colcon_notification.desktop_notification.win32': Not used on non-Windows systems
[2.059s] INFO:colcon.colcon_notification.desktop_notification:Sending desktop notification using 'notify2'
[2.068s] DEBUG:colcon.colcon_core.event_reactor:joined thread
[2.068s] INFO:colcon.colcon_core.shell:Creating prefix script '/home/unknownlegend/arm_ws/install/local_setup.ps1'
[2.070s] INFO:colcon.colcon_core.shell:Creating prefix util module '/home/unknownlegend/arm_ws/install/_local_setup_util_ps1.py'
[2.073s] INFO:colcon.colcon_core.shell:Creating prefix chain script '/home/unknownlegend/arm_ws/install/setup.ps1'
[2.075s] INFO:colcon.colcon_core.shell:Creating prefix script '/home/unknownlegend/arm_ws/install/local_setup.sh'
[2.075s] INFO:colcon.colcon_core.shell:Creating prefix util module '/home/unknownlegend/arm_ws/install/_local_setup_util_sh.py'
[2.076s] INFO:colcon.colcon_core.shell:Creating prefix chain script '/home/unknownlegend/arm_ws/install/setup.sh'
[2.078s] INFO:colcon.colcon_core.shell:Creating prefix script '/home/unknownlegend/arm_ws/install/local_setup.bash'
[2.078s] INFO:colcon.colcon_core.shell:Creating prefix chain script '/home/unknownlegend/arm_ws/install/setup.bash'
[2.081s] INFO:colcon.colcon_core.shell:Creating prefix script '/home/unknownlegend/arm_ws/install/local_setup.zsh'
[2.081s] INFO:colcon.colcon_core.shell:Creating prefix chain script '/home/unknownlegend/arm_ws/install/setup.zsh'
