[1.731s] Invoking command in '/home/unknownlegend/arm_ws/src/dof6arm': PYTHONPATH=/home/unknownlegend/arm_ws/build/dof6arm/prefix_override:/usr/lib/python3/dist-packages/colcon_core/task/python/colcon_distutils_commands:/home/unknownlegend/arm_ws/install/dof6arm/lib/python3.10/site-packages:${PYTHONPATH} /usr/bin/python3 -W ignore:setup.py install is deprecated -W ignore:easy_install command is deprecated setup.py egg_info --egg-base ../../build/dof6arm build --build-base /home/unknownlegend/arm_ws/build/dof6arm/build install --record /home/unknownlegend/arm_ws/build/dof6arm/install.log --single-version-externally-managed install_data
[1.982s] running egg_info
[1.982s] writing ../../build/dof6arm/dof6arm.egg-info/PKG-INFO
[1.983s] writing dependency_links to ../../build/dof6arm/dof6arm.egg-info/dependency_links.txt
[1.983s] writing entry points to ../../build/dof6arm/dof6arm.egg-info/entry_points.txt
[1.983s] writing requirements to ../../build/dof6arm/dof6arm.egg-info/requires.txt
[1.983s] writing top-level names to ../../build/dof6arm/dof6arm.egg-info/top_level.txt
[1.984s] reading manifest file '../../build/dof6arm/dof6arm.egg-info/SOURCES.txt'
[2.045s] writing manifest file '../../build/dof6arm/dof6arm.egg-info/SOURCES.txt'
[2.045s] running build
[2.045s] running install
[2.045s] running install_data
[2.045s] copying urdf/dof6arm.urdf -> /home/unknownlegend/arm_ws/install/dof6arm/share/dof6arm/urdf/
[2.045s] copying urdf/backup.urdf -> /home/unknownlegend/arm_ws/install/dof6arm/share/dof6arm/urdf/
[2.045s] copying urdf/dof6arm2.0.urdf -> /home/unknownlegend/arm_ws/install/dof6arm/share/dof6arm/urdf/
[2.046s] running install_egg_info
[2.048s] removing '/home/unknownlegend/arm_ws/install/dof6arm/lib/python3.10/site-packages/dof6arm-0.0.0-py3.10.egg-info' (and everything under it)
[2.048s] Copying ../../build/dof6arm/dof6arm.egg-info to /home/unknownlegend/arm_ws/install/dof6arm/lib/python3.10/site-packages/dof6arm-0.0.0-py3.10.egg-info
[2.049s] running install_scripts
[2.068s] writing list of installed files to '/home/unknownlegend/arm_ws/build/dof6arm/install.log'
[2.101s] Invoked command in '/home/unknownlegend/arm_ws/src/dof6arm' returned '0': PYTHONPATH=/home/unknownlegend/arm_ws/build/dof6arm/prefix_override:/usr/lib/python3/dist-packages/colcon_core/task/python/colcon_distutils_commands:/home/unknownlegend/arm_ws/install/dof6arm/lib/python3.10/site-packages:${PYTHONPATH} /usr/bin/python3 -W ignore:setup.py install is deprecated -W ignore:easy_install command is deprecated setup.py egg_info --egg-base ../../build/dof6arm build --build-base /home/unknownlegend/arm_ws/build/dof6arm/build install --record /home/unknownlegend/arm_ws/build/dof6arm/install.log --single-version-externally-managed install_data
